  :-) GROMACS - gmx mdrun, 2022-dev-20220222-c07b37733d (double precision) (-:

Copyright 1991-2022 The GROMACS Authors.
GROMACS is free software; you can redistribute it and/or modify it
under the terms of the GNU Lesser General Public License
as published by the Free Software Foundation; either version 2.1
of the License, or (at your option) any later version.

                         Current GROMACS contributors:
       Mark Abraham           Andrey Alekseenko           Cathrine Bergh      
      Christian Blau            Eliane Briand               Kevin Boyd        
     Oliver Fleetwood         Stefan Fleischmann           Vytas Gapsys       
       Gaurav Garg           Gilles Gouaillardet            Alan Gray         
      Victor Holanda           M. Eric Irrgang              Joe Jordan        
    Christoph Junghans        Prashanth Kanduri           Sebastian Kehl      
     Sebastian Keller          Carsten Kutzner           Magnus Lundborg      
       Pascal Merz              Dmitry Morozov             Szilard Pall       
      Roland Schulz             Michael Shirts         David van der Spoel    
     Alessandra Villa      Sebastian Wingbermuehle        Artem Zhmurov       

                         Previous GROMACS contributors:
        Emile Apol             Rossen Apostolov           James Barnett       
  Herman J.C. Berendsen          Par Bjelkmar           Viacheslav Bolnykh    
    Aldert van Buuren          Carlo Camilloni           Rudi van Drunen      
      Anton Feenstra           Gerrit Groenhof            Bert de Groot       
      Anca Hamuraru           Vincent Hindriksen         Aleksei Iupinov      
   Dimitrios Karkoulis           Peter Kasson               Jiri Kraus        
       Per Larsson             Justin A. Lemkul           Viveca Lindahl      
      Erik Marklund           Pieter Meulenhoff           Vedran Miletic      
      Teemu Murtola              Sander Pronk            Alexey Shvetsov      
      Alfons Sijbers            Peter Tieleman             Jon Vincent        
     Teemu Virolainen         Christian Wennberg           Maarten Wolf       

                  Coordinated by the GROMACS project leaders:
                    Paul Bauer, Berk Hess, and Erik Lindahl

GROMACS:      gmx mdrun, version 2022-dev-20220222-c07b37733d (double precision)
Executable:   /home/acmnpv/data/gerrit/2022/install-gcc-8-reference/bin/gmx_d
Data prefix:  /home/acmnpv/data/gerrit/2022/install-gcc-8-reference
Working dir:  /home/acmnpv/data/gerrit/regressiontests/2022/complex/nbnxn-free-energy-vv
Process ID:   1152983
Command line:
  gmx_d mdrun -notunepme

GROMACS version:    2022-dev-20220222-c07b37733d
GIT SHA1 hash:      c07b37733d3ad84cee11a8a7d2b841a734e42ec6
Precision:          double
Memory model:       64 bit
MPI library:        none
OpenMP support:     disabled
GPU support:        disabled
SIMD instructions:  NONE
CPU FFT library:    fftpack (built-in)
GPU FFT library:    none
RDTSCP usage:       enabled
TNG support:        enabled
Hwloc support:      disabled
Tracing support:    disabled
C compiler:         /usr/bin/gcc-8 GNU 8.4.0
C compiler flags:   -pthread -Wno-unknown-pragmas -Wall -Wno-unused -Wunused-value -Wunused-parameter -Wextra -Wno-sign-compare -Wpointer-arith -Wundef -Werror=stringop-truncation -Wno-missing-field-initializers -O0 -g
C++ compiler:       /usr/bin/g++-8 GNU 8.4.0
C++ compiler flags: -pthread -Wno-unknown-pragmas -Wall -Wextra -Wpointer-arith -Wmissing-declarations -Wundef -Wstringop-truncation -Wno-missing-field-initializers -O0 -g


Running on 1 node with total 4 cores, 8 processing units
Hardware detected:
  CPU info:
    Vendor: Intel
    Brand:  Intel(R) Core(TM) i5-8250U CPU @ 1.60GHz
    Family: 6   Model: 142   Stepping: 10
    Features: aes apic avx avx2 clfsh cmov cx8 cx16 f16c fma htt intel lahf mmx msr nonstop_tsc pcid pclmuldq pdcm pdpe1gb popcnt pse rdrnd rdtscp sse2 sse3 sse4.1 sse4.2 ssse3 tdt x2apic
  Hardware topology: Basic
    Packages, cores, and logical processors:
    [indices refer to OS logical processors]
      Package  0: [   0   4] [   1   5] [   2   6] [   3   7]
    CPU limit set by OS: -1   Recommended max number of threads: 8

Highest SIMD level supported by all nodes in run: AVX2_256
SIMD instructions selected at compile time:       None
This program was compiled for different hardware than you are running on,
which could influence performance.

++++ PLEASE READ AND CITE THE FOLLOWING REFERENCE ++++
M. J. Abraham, T. Murtola, R. Schulz, S. Páll, J. C. Smith, B. Hess, E.
Lindahl
GROMACS: High performance molecular simulations through multi-level
parallelism from laptops to supercomputers
SoftwareX 1 (2015) pp. 19-25
-------- -------- --- Thank You --- -------- --------


++++ PLEASE READ AND CITE THE FOLLOWING REFERENCE ++++
S. Páll, M. J. Abraham, C. Kutzner, B. Hess, E. Lindahl
Tackling Exascale Software Challenges in Molecular Dynamics Simulations with
GROMACS
In S. Markidis & E. Laure (Eds.), Solving Software Challenges for Exascale 8759 (2015) pp. 3-27
-------- -------- --- Thank You --- -------- --------


++++ PLEASE READ AND CITE THE FOLLOWING REFERENCE ++++
S. Pronk, S. Páll, R. Schulz, P. Larsson, P. Bjelkmar, R. Apostolov, M. R.
Shirts, J. C. Smith, P. M. Kasson, D. van der Spoel, B. Hess, and E. Lindahl
GROMACS 4.5: a high-throughput and highly parallel open source molecular
simulation toolkit
Bioinformatics 29 (2013) pp. 845-54
-------- -------- --- Thank You --- -------- --------


++++ PLEASE READ AND CITE THE FOLLOWING REFERENCE ++++
B. Hess and C. Kutzner and D. van der Spoel and E. Lindahl
GROMACS 4: Algorithms for highly efficient, load-balanced, and scalable
molecular simulation
J. Chem. Theory Comput. 4 (2008) pp. 435-447
-------- -------- --- Thank You --- -------- --------


++++ PLEASE READ AND CITE THE FOLLOWING REFERENCE ++++
D. van der Spoel, E. Lindahl, B. Hess, G. Groenhof, A. E. Mark and H. J. C.
Berendsen
GROMACS: Fast, Flexible and Free
J. Comp. Chem. 26 (2005) pp. 1701-1719
-------- -------- --- Thank You --- -------- --------


++++ PLEASE READ AND CITE THE FOLLOWING REFERENCE ++++
E. Lindahl and B. Hess and D. van der Spoel
GROMACS 3.0: A package for molecular simulation and trajectory analysis
J. Mol. Mod. 7 (2001) pp. 306-317
-------- -------- --- Thank You --- -------- --------


++++ PLEASE READ AND CITE THE FOLLOWING REFERENCE ++++
H. J. C. Berendsen, D. van der Spoel and R. van Drunen
GROMACS: A message-passing parallel molecular dynamics implementation
Comp. Phys. Comm. 91 (1995) pp. 43-56
-------- -------- --- Thank You --- -------- --------


++++ PLEASE CITE THE DOI FOR THIS VERSION OF GROMACS ++++
https://doi.org/10.5281/zenodo.6103835
-------- -------- --- Thank You --- -------- --------

Input Parameters:
   integrator                     = md-vv
   tinit                          = 0
   dt                             = 0.0005
   nsteps                         = 20
   init-step                      = 0
   simulation-part                = 1
   mts                            = false
   comm-mode                      = Linear
   nstcomm                        = 4
   bd-fric                        = 0
   ld-seed                        = 975196
   emtol                          = 10
   emstep                         = 0.01
   niter                          = 20
   fcstep                         = 0
   nstcgsteep                     = 200
   nbfgscorr                      = 10
   rtpi                           = 0.05
   nstxout                        = 20
   nstvout                        = 20
   nstfout                        = 20
   nstlog                         = 4
   nstcalcenergy                  = 4
   nstenergy                      = 4
   nstxout-compressed             = 0
   compressed-x-precision         = 200
   cutoff-scheme                  = Verlet
   nstlist                        = 10
   pbc                            = xyz
   periodic-molecules             = false
   verlet-buffer-tolerance        = 0.005
   rlist                          = 0.9
   coulombtype                    = PME
   coulomb-modifier               = Potential-shift
   rcoulomb-switch                = 0
   rcoulomb                       = 0.9
   epsilon-r                      = 1
   epsilon-rf                     = 1
   vdw-type                       = Cut-off
   vdw-modifier                   = Potential-shift
   rvdw-switch                    = 0
   rvdw                           = 0.9
   DispCorr                       = EnerPres
   table-extension                = 1
   fourierspacing                 = 0
   fourier-nx                     = 20
   fourier-ny                     = 20
   fourier-nz                     = 20
   pme-order                      = 4
   ewald-rtol                     = 1e-05
   ewald-rtol-lj                  = 0.001
   lj-pme-comb-rule               = Geometric
   ewald-geometry                 = 3d
   epsilon-surface                = 0
   tcoupl                         = V-rescale
   nsttcouple                     = 10
   nh-chain-length                = 0
   print-nose-hoover-chain-variables = false
   pcoupl                         = C-rescale
   pcoupltype                     = Isotropic
   nstpcouple                     = 10
   tau-p                          = 1
   compressibility (3x3):
      compressibility[    0]={ 4.60000e-05,  0.00000e+00,  0.00000e+00}
      compressibility[    1]={ 0.00000e+00,  4.60000e-05,  0.00000e+00}
      compressibility[    2]={ 0.00000e+00,  0.00000e+00,  4.60000e-05}
   ref-p (3x3):
      ref-p[    0]={ 1.00000e+00,  0.00000e+00,  0.00000e+00}
      ref-p[    1]={ 0.00000e+00,  1.00000e+00,  0.00000e+00}
      ref-p[    2]={ 0.00000e+00,  0.00000e+00,  1.00000e+00}
   refcoord-scaling               = No
   posres-com (3):
      posres-com[0]= 0.00000e+00
      posres-com[1]= 0.00000e+00
      posres-com[2]= 0.00000e+00
   posres-comB (3):
      posres-comB[0]= 0.00000e+00
      posres-comB[1]= 0.00000e+00
      posres-comB[2]= 0.00000e+00
   QMMM                           = false
qm-opts:
   ngQM                           = 0
   constraint-algorithm           = Lincs
   continuation                   = false
   Shake-SOR                      = false
   shake-tol                      = 0.0001
   lincs-order                    = 4
   lincs-iter                     = 1
   lincs-warnangle                = 30
   nwall                          = 0
   wall-type                      = 9-3
   wall-r-linpot                  = -1
   wall-atomtype[0]               = -1
   wall-atomtype[1]               = -1
   wall-density[0]                = 0
   wall-density[1]                = 0
   wall-ewald-zfac                = 3
   pull                           = false
   awh                            = false
   rotation                       = false
   interactiveMD                  = false
   disre                          = No
   disre-weighting                = Conservative
   disre-mixed                    = false
   dr-fc                          = 200
   dr-tau                         = 0
   nstdisreout                    = 20
   orire-fc                       = 0
   orire-tau                      = 0
   nstorireout                    = 20
   free-energy                    = slow-growth
   init-lambda                    = 0
   init-lambda-state              = -1
   delta-lambda                   = 0.05
   nstdhdl                        = 100
   n-lambdas                      = 0
   calc-lambda-neighbors          = 1
   dhdl-print-energy              = no
   sc-alpha                       = 0.6
   sc-power                       = 1
   sc-r-power                     = 6
   sc-sigma                       = 0.28
   sc-sigma-min                   = 0.28
   sc-coul                        = true
   dh-hist-size                   = 0
   dh-hist-spacing                = 0.1
   separate-dhdl-file             = yes
   dhdl-derivatives               = yes
   sc-function                    = beutler
   sc-gapsys-scale-linpoint-lj    = 0.85
   sc-gapsys-scale-linpoint-q     = 0.3
   sc-gapsys-sigma-lj             = 0.3
   cos-acceleration               = 0
   deform (3x3):
      deform[    0]={ 0.00000e+00,  0.00000e+00,  0.00000e+00}
      deform[    1]={ 0.00000e+00,  0.00000e+00,  0.00000e+00}
      deform[    2]={ 0.00000e+00,  0.00000e+00,  0.00000e+00}
   simulated-tempering            = false
   swapcoords                     = no
   userint1                       = 0
   userint2                       = 0
   userint3                       = 0
   userint4                       = 0
   userreal1                      = 0
   userreal2                      = 0
   userreal3                      = 0
   userreal4                      = 0
   applied-forces:
     electric-field:
       x:
         E0                       = 0
         omega                    = 0
         t0                       = 0
         sigma                    = 0
       y:
         E0                       = 0
         omega                    = 0
         t0                       = 0
         sigma                    = 0
       z:
         E0                       = 0
         omega                    = 0
         t0                       = 0
         sigma                    = 0
     density-guided-simulation:
       active                     = false
       group                      = protein
       similarity-measure         = inner-product
       atom-spreading-weight      = unity
       force-constant             = 1e+09
       gaussian-transform-spreading-width = 0.2
       gaussian-transform-spreading-range-in-multiples-of-width = 4
       reference-density-filename = reference.mrc
       nst                        = 1
       normalize-densities        = true
       adaptive-force-scaling     = false
       adaptive-force-scaling-time-constant = 4
       shift-vector               = 
       transformation-matrix      = 
     qmmm-cp2k:
       active                     = false
       qmgroup                    = System
       qmmethod                   = PBE
       qmfilenames                = 
       qmcharge                   = 0
       qmmultiplicity             = 1
grpopts:
   nrdf:        3045
   ref-t:         298
   tau-t:         0.5
annealing:          No
annealing-npoints:           0
   acc:	           0           0           0
   nfreeze:           N           N           N
   energygrp-flags[  0]: 0

Changing nstlist from 10 to 100, rlist from 0.9 to 0.958


Initializing Domain Decomposition on 1 ranks
Dynamic load balancing: auto
Using update groups, nr 516, average size 2.9 atoms, max. radius 0.084 nm
Minimum cell size due to atom displacement: 0.421 nm
Initial maximum distances in bonded interactions:
    two-body bonded interactions: 0.375 nm, Exclusion, atoms 2 13
  multi-body bonded interactions: 0.286 nm, Improper Dih., atoms 9 11
Minimum cell size due to bonded interactions: 0.314 nm
Using 0 separate PME ranks because: there are too few total ranks for efficient splitting
Optimizing the DD grid for 1 cells with a minimum initial size of 0.421 nm
The maximum allowed number of cells is: X 5 Y 5 Z 5
Domain decomposition grid 1 x 1 x 1, separate PME ranks 0
PME domain decomposition: 1 x 1 x 1

The initial number of communication pulses is:
The initial domain decomposition cell size is:

The maximum allowed distance for atom groups involved in interactions is:
                 non-bonded interactions           1.126 nm
(the following are initial values, they could change due to box deformation)
            two-body bonded interactions  (-rdd)   1.126 nm
          multi-body bonded interactions  (-rdd)   1.126 nm

When dynamic load balancing gets turned on, these settings will change to:
The maximum number of communication pulses is:
The minimum size for domain decomposition cells is 1.126 nm
The requested allowed shrink of DD cells (option -dds) is: 0.80
The allowed shrink of domain decomposition cells is:
The maximum allowed distance for atom groups involved in interactions is:
                 non-bonded interactions           1.126 nm
            two-body bonded interactions  (-rdd)   1.126 nm
          multi-body bonded interactions  (-rdd)   1.126 nm

NOTE: GROMACS was compiled without OpenMP and (thread-)MPI support, can only use a single CPU core

Pinning threads with an auto-selected logical cpu stride of 2
System total charge, top. A: 0.000 top. B: 0.000
Will do PME sum in reciprocal space for electrostatic interactions.

++++ PLEASE READ AND CITE THE FOLLOWING REFERENCE ++++
U. Essmann, L. Perera, M. L. Berkowitz, T. Darden, H. Lee and L. G. Pedersen 
A smooth particle mesh Ewald method
J. Chem. Phys. 103 (1995) pp. 8577-8592
-------- -------- --- Thank You --- -------- --------

Using a Gaussian width (1/beta) of 0.288146 nm for Ewald
Potential shift: LJ r^-12: -3.541e+00 r^-6: -1.882e+00, Ewald -1.111e-05
Initialized non-bonded Coulomb Ewald tables, spacing: 8.85e-04 size: 2214

Long Range LJ corr.: <C6> 2.9770e-04


Using plain C 4x4 nonbonded short-range kernels

WARNING: Using the slow plain C kernels. This should
not happen during routine usage on supported platforms.

Using a dual 4x4 pair-list setup updated with dynamic pruning:
  outer list: updated every 100 steps, buffer 0.058 nm, rlist 0.958 nm
  inner list: updated every  37 steps, buffer 0.001 nm, rlist 0.901 nm
At tolerance 0.005 kJ/mol/ps per atom, equivalent classical 1x1 list would be:
  outer list: updated every 100 steps, buffer 0.142 nm, rlist 1.042 nm
  inner list: updated every  37 steps, buffer 0.038 nm, rlist 0.938 nm

Using full Lennard-Jones parameter combination matrix
There are 16 atoms and 13 charges for free energy perturbation
Removing pbc first time

Linking all bonded interactions to atoms


++++ PLEASE READ AND CITE THE FOLLOWING REFERENCE ++++
S. Miyamoto and P. A. Kollman
SETTLE: An Analytical Version of the SHAKE and RATTLE Algorithms for Rigid
Water Models
J. Comp. Chem. 13 (1992) pp. 952-962
-------- -------- --- Thank You --- -------- --------


Using the modular simulator.
Initial vector of lambda components:[     0.0000     0.0000     0.0000     0.0000     0.0000     0.0000     0.0000 ]
There are: 1516 Atoms
Center of mass motion removal mode is Linear
We have the following groups for center of mass motion removal:
  0:  rest

Started mdrun on rank 0 Wed Feb 23 10:51:41 2022


Atom distribution over 1 domains: av 1516 stddev 0 min 1516 max 1516

Constraining the starting coordinates (step 0)
RMS relative constraint deviation after constraining: 0.00e+00
Initial temperature: 291.763 K
           Step           Time
              0        0.00000

   Energies (kJ/mol)
        G96Bond       G96Angle  Improper Dih.        LJ (SR)  Disper. corr.
    1.34228e+01    1.35643e+01    5.09137e+00    4.52798e+03   -2.60670e+02
   Coulomb (SR)   Coul. recip.      Potential    Kinetic En.   Total Energy
   -2.78688e+04    1.75573e+02   -2.33938e+04    3.69336e+03   -1.97004e+04
  Conserved En.    Temperature Pres. DC (bar) Pressure (bar)    dVremain/dl
   -1.97004e+04    2.91763e+02   -2.87945e+02   -2.78977e+02   -9.92076e+01

           Step           Time
              4        0.00200

   Energies (kJ/mol)
        G96Bond       G96Angle  Improper Dih.        LJ (SR)  Disper. corr.
    1.24916e+01    8.76921e+00    4.48946e+00    4.51076e+03   -2.58270e+02
   Coulomb (SR)   Coul. recip.      Potential    Kinetic En.   Total Energy
   -2.78265e+04    1.81514e+02   -2.33668e+04    3.65350e+03   -1.97133e+04
  Conserved En.    Temperature Pres. DC (bar) Pressure (bar)    dVremain/dl
   -1.97008e+04    2.88614e+02   -2.85155e+02   -4.27972e+02    6.74312e+01

           Step           Time
              8        0.00400

   Energies (kJ/mol)
        G96Bond       G96Angle  Improper Dih.        LJ (SR)  Disper. corr.
    1.27394e+01    9.43785e+00    4.70864e+00    4.51859e+03   -2.55998e+02
   Coulomb (SR)   Coul. recip.      Potential    Kinetic En.   Total Energy
   -2.78036e+04    1.86995e+02   -2.33271e+04    3.63409e+03   -1.96930e+04
  Conserved En.    Temperature Pres. DC (bar) Pressure (bar)    dVremain/dl
   -1.96804e+04    2.87081e+02   -2.82646e+02   -4.66755e+02    1.29650e+02

           Step           Time
             12        0.00600

   Energies (kJ/mol)
        G96Bond       G96Angle  Improper Dih.        LJ (SR)  Disper. corr.
    2.04224e+01    1.34008e+01    5.20292e+00    4.56470e+03   -2.54001e+02
   Coulomb (SR)   Coul. recip.      Potential    Kinetic En.   Total Energy
   -2.78304e+04    1.91504e+02   -2.32891e+04    3.60213e+03   -1.96870e+04
  Conserved En.    Temperature Pres. DC (bar) Pressure (bar)    dVremain/dl
   -1.96475e+04    2.84556e+02   -2.80743e+02   -4.19127e+02    1.70358e+02

           Step           Time
             16        0.00800

   Energies (kJ/mol)
        G96Bond       G96Angle  Improper Dih.        LJ (SR)  Disper. corr.
    2.74586e+01    1.61632e+01    5.71053e+00    4.57534e+03   -2.51726e+02
   Coulomb (SR)   Coul. recip.      Potential    Kinetic En.   Total Energy
   -2.78349e+04    1.94913e+02   -2.32670e+04    3.61741e+03   -1.96496e+04
  Conserved En.    Temperature Pres. DC (bar) Pressure (bar)    dVremain/dl
   -1.96102e+04    2.85763e+02   -2.78229e+02   -5.06915e+02    2.01861e+02

Writing checkpoint, step 20 at Wed Feb 23 10:51:42 2022


           Step           Time
             20        0.01000

   Energies (kJ/mol)
        G96Bond       G96Angle  Improper Dih.        LJ (SR)  Disper. corr.
    2.15261e+01    1.66274e+01    6.16916e+00    4.58548e+03   -2.49452e+02
   Coulomb (SR)   Coul. recip.      Potential    Kinetic En.   Total Energy
   -2.78496e+04    1.97234e+02   -2.32721e+04    3.66536e+03   -1.96067e+04
  Conserved En.    Temperature Pres. DC (bar) Pressure (bar)    dVremain/dl
   -1.95672e+04    2.89551e+02   -2.75715e+02   -4.75655e+02    2.27991e+02


Energy conservation over simulation part #1 of length 0.01 ns, time 0 to 0.01 ns
  Conserved energy drift: 8.79e+00 kJ/mol/ps per atom

	<======  ###############  ==>
	<====  A V E R A G E S  ====>
	<==  ###############  ======>

	Statistics over 21 steps using 6 frames

   Energies (kJ/mol)
        G96Bond       G96Angle  Improper Dih.        LJ (SR)  Disper. corr.
    1.80102e+01    1.29938e+01    5.22868e+00    4.54714e+03   -2.55020e+02
   Coulomb (SR)   Coul. recip.      Potential    Kinetic En.   Total Energy
   -2.78356e+04    1.87955e+02   -2.33193e+04    3.64431e+03   -1.96750e+04
  Conserved En.    Temperature Pres. DC (bar) Pressure (bar)    dVremain/dl
   -1.96511e+04    2.87888e+02   -2.81739e+02   -4.29233e+02    1.16347e+02

          Box-X          Box-Y          Box-Z
    2.46922e+00    2.46922e+00    2.46922e+00

   Total Virial (kJ/mol)
    1.59163e+03    6.59448e+01   -4.35416e+02
    6.59448e+01    1.52539e+03   -2.44906e+02
   -4.35416e+02   -2.44906e+02    1.11101e+03

   Pressure (bar)
   -8.80617e+02   -2.61907e+02    9.79789e+02
   -2.61907e+02   -5.93035e+02    4.45116e+02
    9.79789e+02    4.45116e+02    1.85951e+02


	M E G A - F L O P S   A C C O U N T I N G

 NB=Group-cutoff nonbonded kernels    NxN=N-by-N cluster Verlet kernels
 RF=Reaction-Field  VdW=Van der Waals  QSTab=quadratic-spline table
 W3=SPC/TIP3p  W4=TIP4p (single or pairs)
 V&F=Potential and force  V=Potential only  F=Force only

 Computing:                               M-Number         M-Flops  % Flops
-----------------------------------------------------------------------------
 NB Free energy kernel                   35.616672          35.617     5.7
 Pair Search distance check               0.387218           3.485     0.6
 NxN QSTab Elec. + LJ [F]                 4.088640         167.634    26.9
 NxN QSTab Elec. + LJ [V&F]               1.635456          96.492    15.5
 NxN QSTab Elec. [F]                      4.007280         136.248    21.9
 NxN QSTab Elec. [V&F]                    1.602912          65.719    10.6
 Calc Weights                             0.095508           3.438     0.6
 Spread Q Bspline                         4.075008           8.150     1.3
 Gather F Bspline                         4.075008          24.450     3.9
 3D-FFT                                   8.712984          69.704    11.2
 Solve PME                                0.016800           1.075     0.2
 Reset In Box                             0.001516           0.005     0.0
 CG-CoM                                   0.003032           0.009     0.0
 Bonds                                    0.000357           0.021     0.0
 Angles                                   0.000567           0.095     0.0
 Impropers                                0.000420           0.087     0.0
 Virial                                   0.014049           0.253     0.0
 Stop-CM                                  0.010612           0.106     0.0
 P-Coupling                               0.004548           0.027     0.0
 Calc-Ekin                                0.031836           0.860     0.1
 Constraint-V                             0.031500           0.283     0.0
 Constraint-Vir                           0.013500           0.324     0.1
 Settle                                   0.022000           8.140     1.3
-----------------------------------------------------------------------------
 Total                                                     622.223   100.0
-----------------------------------------------------------------------------


    D O M A I N   D E C O M P O S I T I O N   S T A T I S T I C S

 av. #atoms communicated per step for force:  2 x 0.0


     R E A L   C Y C L E   A N D   T I M E   A C C O U N T I N G

On 1 MPI rank

 Computing:          Num   Num      Call    Wall time         Giga-Cycles
                     Ranks Threads  Count      (s)         total sum    %
-----------------------------------------------------------------------------
 Domain decomp.         1    1          1       0.006          0.010   0.5
 Neighbor search        1    1          1       0.028          0.050   2.3
 Force                  1    1         21       0.869          1.565  72.2
 PME mesh               1    1         21       0.144          0.259  11.9
 NB X/F buffer ops.     1    1         41       0.001          0.003   0.1
 Write traj.            1    1          3       0.007          0.013   0.6
 Update                 1    1         42       0.002          0.003   0.2
 Constraints            1    1         44       0.013          0.023   1.1
 Rest                                           0.134          0.242  11.2
-----------------------------------------------------------------------------
 Total                                          1.205          2.168 100.0
-----------------------------------------------------------------------------
 Breakdown of PME mesh computation
-----------------------------------------------------------------------------
 PME spread             1    1         42       0.030          0.054   2.5
 PME gather             1    1         42       0.049          0.088   4.1
 PME 3D-FFT             1    1         84       0.037          0.067   3.1
 PME solve Elec         1    1         42       0.028          0.050   2.3
-----------------------------------------------------------------------------

               Core t (s)   Wall t (s)        (%)
       Time:        1.204        1.205       99.9
                 (ns/day)    (hour/ns)
Performance:        0.753       31.870
Finished mdrun on rank 0 Wed Feb 23 10:51:42 2022

