          :-) GROMACS - gmx mdrun, 2021.4-dev-20211103-9f3e8131b9 (-:

                            GROMACS is written by:
     Andrey Alekseenko              Emile Apol              Rossen Apostolov     
         Paul Bauer           Herman J.C. Berendsen           Par Bjelkmar       
       Christian Blau           Viacheslav Bolnykh             Kevin Boyd        
     Aldert van Buuren           Rudi van Drunen             Anton Feenstra      
    Gilles Gouaillardet             Alan Gray               Gerrit Groenhof      
       Anca Hamuraru            Vincent Hindriksen          M. Eric Irrgang      
      Aleksei Iupinov           Christoph Junghans             Joe Jordan        
    Dimitrios Karkoulis            Peter Kasson                Jiri Kraus        
      Carsten Kutzner              Per Larsson              Justin A. Lemkul     
       Viveca Lindahl            Magnus Lundborg             Erik Marklund       
        Pascal Merz             Pieter Meulenhoff            Teemu Murtola       
        Szilard Pall               Sander Pronk              Roland Schulz       
       Michael Shirts            Alexey Shvetsov             Alfons Sijbers      
       Peter Tieleman              Jon Vincent              Teemu Virolainen     
     Christian Wennberg            Maarten Wolf              Artem Zhmurov       
                           and the project leaders:
        Mark Abraham, Berk Hess, Erik Lindahl, and David van der Spoel

Copyright (c) 1991-2000, University of Groningen, The Netherlands.
Copyright (c) 2001-2019, The GROMACS development team at
Uppsala University, Stockholm University and
the Royal Institute of Technology, Sweden.
check out http://www.gromacs.org for more information.

GROMACS is free software; you can redistribute it and/or modify it
under the terms of the GNU Lesser General Public License
as published by the Free Software Foundation; either version 2.1
of the License, or (at your option) any later version.

GROMACS:      gmx mdrun, version 2021.4-dev-20211103-9f3e8131b9
Executable:   /home/mabraham/git/r2021/build-cmake-gcc-reference/install/bin/gmx
Data prefix:  /home/mabraham/git/r2021/build-cmake-gcc-reference/install
Working dir:  /home/mabraham/git/regressiontests/complex/pull_cylinder
Process ID:   354239
Command line:
  gmx mdrun -notunepme

GROMACS version:    2021.4-dev-20211103-9f3e8131b9
GIT SHA1 hash:      9f3e8131b9496f79a98f9d91c6084768d973906c
Precision:          mixed
Memory model:       64 bit
MPI library:        none
OpenMP support:     disabled
GPU support:        disabled
SIMD instructions:  NONE
FFT library:        fftpack (built-in)
RDTSCP usage:       enabled
TNG support:        enabled
Hwloc support:      hwloc-2.1.0
Tracing support:    disabled
C compiler:         /usr/bin/gcc-7 GNU 7.5.0
C compiler flags:   -Wno-unknown-pragmas -Wall -Wno-unused -Wunused-value -Wunused-parameter -Wextra -Wno-sign-compare -Wpointer-arith -Wundef -Wno-missing-field-initializers -O0 -g
C++ compiler:       /usr/bin/g++-7 GNU 7.5.0
C++ compiler flags: -Wno-unknown-pragmas -Wall -Wextra -Wpointer-arith -Wmissing-declarations -Wundef -Wno-missing-field-initializers -O0 -g


Running on 1 node with total 6 cores, 12 logical cores
Hardware detected:
  CPU info:
    Vendor: Intel
    Brand:  Intel(R) Core(TM) i7-10750H CPU @ 2.60GHz
    Family: 6   Model: 165   Stepping: 2
    Features: aes apic avx avx2 clfsh cmov cx8 cx16 f16c fma htt intel lahf mmx msr nonstop_tsc pcid pclmuldq pdcm pdpe1gb popcnt pse rdrnd rdtscp sse2 sse3 sse4.1 sse4.2 ssse3 tdt x2apic
  Hardware topology: Full, with devices
    Sockets, cores, and logical processors:
      Socket  0: [   0   6] [   1   7] [   2   8] [   3   9] [   4  10] [   5  11]
    Numa nodes:
      Node  0 (16520794112 bytes mem):   0   6   1   7   2   8   3   9   4  10   5  11
      Latency:
               0
         0  1.00
    Caches:
      L1: 32768 bytes, linesize 64 bytes, assoc. 8, shared 2 ways
      L2: 262144 bytes, linesize 64 bytes, assoc. 4, shared 2 ways
      L3: 12582912 bytes, linesize 64 bytes, assoc. 16, shared 12 ways
    PCI devices:
      0000:01:00.0  Id: 10de:1f95  Class: 0x0302  Numa: 0
      0000:00:02.0  Id: 8086:9bc4  Class: 0x0300  Numa: 0
      0000:00:14.3  Id: 8086:06f0  Class: 0x0280  Numa: 0
      0000:6d:00.0  Id: 1344:5405  Class: 0x0108  Numa: 0

Highest SIMD level supported by all nodes in run: AVX2_256
SIMD instructions selected at compile time:       None
This program was compiled for different hardware than you are running on,
which could influence performance.

++++ PLEASE READ AND CITE THE FOLLOWING REFERENCE ++++
M. J. Abraham, T. Murtola, R. Schulz, S. Páll, J. C. Smith, B. Hess, E.
Lindahl
GROMACS: High performance molecular simulations through multi-level
parallelism from laptops to supercomputers
SoftwareX 1 (2015) pp. 19-25
-------- -------- --- Thank You --- -------- --------


++++ PLEASE READ AND CITE THE FOLLOWING REFERENCE ++++
S. Páll, M. J. Abraham, C. Kutzner, B. Hess, E. Lindahl
Tackling Exascale Software Challenges in Molecular Dynamics Simulations with
GROMACS
In S. Markidis & E. Laure (Eds.), Solving Software Challenges for Exascale 8759 (2015) pp. 3-27
-------- -------- --- Thank You --- -------- --------


++++ PLEASE READ AND CITE THE FOLLOWING REFERENCE ++++
S. Pronk, S. Páll, R. Schulz, P. Larsson, P. Bjelkmar, R. Apostolov, M. R.
Shirts, J. C. Smith, P. M. Kasson, D. van der Spoel, B. Hess, and E. Lindahl
GROMACS 4.5: a high-throughput and highly parallel open source molecular
simulation toolkit
Bioinformatics 29 (2013) pp. 845-54
-------- -------- --- Thank You --- -------- --------


++++ PLEASE READ AND CITE THE FOLLOWING REFERENCE ++++
B. Hess and C. Kutzner and D. van der Spoel and E. Lindahl
GROMACS 4: Algorithms for highly efficient, load-balanced, and scalable
molecular simulation
J. Chem. Theory Comput. 4 (2008) pp. 435-447
-------- -------- --- Thank You --- -------- --------


++++ PLEASE READ AND CITE THE FOLLOWING REFERENCE ++++
D. van der Spoel, E. Lindahl, B. Hess, G. Groenhof, A. E. Mark and H. J. C.
Berendsen
GROMACS: Fast, Flexible and Free
J. Comp. Chem. 26 (2005) pp. 1701-1719
-------- -------- --- Thank You --- -------- --------


++++ PLEASE READ AND CITE THE FOLLOWING REFERENCE ++++
E. Lindahl and B. Hess and D. van der Spoel
GROMACS 3.0: A package for molecular simulation and trajectory analysis
J. Mol. Mod. 7 (2001) pp. 306-317
-------- -------- --- Thank You --- -------- --------


++++ PLEASE READ AND CITE THE FOLLOWING REFERENCE ++++
H. J. C. Berendsen, D. van der Spoel and R. van Drunen
GROMACS: A message-passing parallel molecular dynamics implementation
Comp. Phys. Comm. 91 (1995) pp. 43-56
-------- -------- --- Thank You --- -------- --------

Input Parameters:
   integrator                     = md
   tinit                          = 0
   dt                             = 0.002
   nsteps                         = 20
   init-step                      = 0
   simulation-part                = 1
   mts                            = false
   comm-mode                      = Linear
   nstcomm                        = 20
   bd-fric                        = 0
   ld-seed                        = 1993
   emtol                          = 10
   emstep                         = 0.01
   niter                          = 20
   fcstep                         = 0
   nstcgsteep                     = 1000
   nbfgscorr                      = 10
   rtpi                           = 0.05
   nstxout                        = 20
   nstvout                        = 20
   nstfout                        = 20
   nstlog                         = 20
   nstcalcenergy                  = 20
   nstenergy                      = 20
   nstxout-compressed             = 0
   compressed-x-precision         = 1000
   cutoff-scheme                  = Verlet
   nstlist                        = 10
   pbc                            = xyz
   periodic-molecules             = false
   verlet-buffer-tolerance        = 0.005
   rlist                          = 0.944
   coulombtype                    = Reaction-Field
   coulomb-modifier               = Potential-shift
   rcoulomb-switch                = 0
   rcoulomb                       = 0.9
   epsilon-r                      = 1
   epsilon-rf                     = inf
   vdw-type                       = Cut-off
   vdw-modifier                   = Potential-shift
   rvdw-switch                    = 0
   rvdw                           = 0.9
   DispCorr                       = EnerPres
   table-extension                = 1
   fourierspacing                 = 0.12
   fourier-nx                     = 56
   fourier-ny                     = 28
   fourier-nz                     = 28
   pme-order                      = 4
   ewald-rtol                     = 1e-05
   ewald-rtol-lj                  = 0.001
   lj-pme-comb-rule               = Geometric
   ewald-geometry                 = 0
   epsilon-surface                = 0
   tcoupl                         = V-rescale
   nsttcouple                     = 10
   nh-chain-length                = 0
   print-nose-hoover-chain-variables = false
   pcoupl                         = No
   pcoupltype                     = Isotropic
   nstpcouple                     = -1
   tau-p                          = 2
   compressibility (3x3):
      compressibility[    0]={ 0.00000e+00,  0.00000e+00,  0.00000e+00}
      compressibility[    1]={ 0.00000e+00,  0.00000e+00,  0.00000e+00}
      compressibility[    2]={ 0.00000e+00,  0.00000e+00,  0.00000e+00}
   ref-p (3x3):
      ref-p[    0]={ 0.00000e+00,  0.00000e+00,  0.00000e+00}
      ref-p[    1]={ 0.00000e+00,  0.00000e+00,  0.00000e+00}
      ref-p[    2]={ 0.00000e+00,  0.00000e+00,  0.00000e+00}
   refcoord-scaling               = No
   posres-com (3):
      posres-com[0]= 0.00000e+00
      posres-com[1]= 0.00000e+00
      posres-com[2]= 0.00000e+00
   posres-comB (3):
      posres-comB[0]= 0.00000e+00
      posres-comB[1]= 0.00000e+00
      posres-comB[2]= 0.00000e+00
   QMMM                           = false
qm-opts:
   ngQM                           = 0
   constraint-algorithm           = Lincs
   continuation                   = false
   Shake-SOR                      = false
   shake-tol                      = 0.0001
   lincs-order                    = 4
   lincs-iter                     = 1
   lincs-warnangle                = 30
   nwall                          = 0
   wall-type                      = 9-3
   wall-r-linpot                  = -1
   wall-atomtype[0]               = -1
   wall-atomtype[1]               = -1
   wall-density[0]                = 0
   wall-density[1]                = 0
   wall-ewald-zfac                = 3
   pull                           = true
   pull-cylinder-r                = 1.2
   pull-constr-tol                = 1e-06
   pull-print-COM                 = false
   pull-print-ref-value           = false
   pull-print-components          = false
   pull-nstxout                   = 0
   pull-nstfout                   = 0
   pull-pbc-ref-prev-step-com     = false
   pull-xout-average              = false
   pull-fout-average              = false
   pull-ngroups                   = 4
   pull-group 0:
     atom: not available
     weight: not available
     pbcatom                        = -1
   pull-group 1:
     atom (1200):
        atom[0,...,1199] = {1200,...,2399}
     weight: not available
     pbcatom                        = 1799
   pull-group 2:
     atom (3):
        atom[0,...,2] = {0,...,2}
     weight: not available
     pbcatom                        = 1
   pull-group 3:
     atom (3):
        atom[0,...,2] = {3,...,5}
     weight: not available
     pbcatom                        = 4
   pull-ncoords                   = 3
   pull-coord 0:
   type                           = umbrella
   geometry                       = cylinder
   group[0]                       = 1
   group[1]                       = 2
   dim (3):
      dim[0]=1
      dim[1]=0
      dim[2]=0
   origin (3):
      origin[0]= 0.00000e+00
      origin[1]= 0.00000e+00
      origin[2]= 0.00000e+00
   vec (3):
      vec[0]= 1.00000e+00
      vec[1]= 0.00000e+00
      vec[2]= 0.00000e+00
   start                          = false
   init                           = 2
   rate                           = 0
   k                              = 1000
   kB                             = 1000
   pull-coord 1:
   type                           = umbrella
   geometry                       = cylinder
   group[0]                       = 1
   group[1]                       = 3
   dim (3):
      dim[0]=1
      dim[1]=0
      dim[2]=0
   origin (3):
      origin[0]= 0.00000e+00
      origin[1]= 0.00000e+00
      origin[2]= 0.00000e+00
   vec (3):
      vec[0]= 1.00000e+00
      vec[1]= 0.00000e+00
      vec[2]= 0.00000e+00
   start                          = false
   init                           = -2
   rate                           = 0
   k                              = 1000
   kB                             = 1000
   pull-coord 2:
   type                           = umbrella
   geometry                       = distance
   group[0]                       = 2
   group[1]                       = 3
   dim (3):
      dim[0]=0
      dim[1]=1
      dim[2]=1
   origin (3):
      origin[0]= 0.00000e+00
      origin[1]= 0.00000e+00
      origin[2]= 0.00000e+00
   vec (3):
      vec[0]= 0.00000e+00
      vec[1]= 0.00000e+00
      vec[2]= 0.00000e+00
   start                          = false
   init                           = 1.2
   rate                           = 0
   k                              = 100
   kB                             = 100
   awh                            = false
   rotation                       = false
   interactiveMD                  = false
   disre                          = No
   disre-weighting                = Conservative
   disre-mixed                    = false
   dr-fc                          = 1000
   dr-tau                         = 0
   nstdisreout                    = 100
   orire-fc                       = 0
   orire-tau                      = 0
   nstorireout                    = 100
   free-energy                    = no
   cos-acceleration               = 0
   deform (3x3):
      deform[    0]={ 0.00000e+00,  0.00000e+00,  0.00000e+00}
      deform[    1]={ 0.00000e+00,  0.00000e+00,  0.00000e+00}
      deform[    2]={ 0.00000e+00,  0.00000e+00,  0.00000e+00}
   simulated-tempering            = false
   swapcoords                     = no
   userint1                       = 0
   userint2                       = 0
   userint3                       = 0
   userint4                       = 0
   userreal1                      = 0
   userreal2                      = 0
   userreal3                      = 0
   userreal4                      = 0
   applied-forces:
     electric-field:
       x:
         E0                       = 0
         omega                    = 0
         t0                       = 0
         sigma                    = 0
       y:
         E0                       = 0
         omega                    = 0
         t0                       = 0
         sigma                    = 0
       z:
         E0                       = 0
         omega                    = 0
         t0                       = 0
         sigma                    = 0
     density-guided-simulation:
       active                     = false
       group                      = protein
       similarity-measure         = inner-product
       atom-spreading-weight      = unity
       force-constant             = 1e+09
       gaussian-transform-spreading-width = 0.2
       gaussian-transform-spreading-range-in-multiples-of-width = 4
       reference-density-filename = reference.mrc
       nst                        = 1
       normalize-densities        = true
       adaptive-force-scaling     = false
       adaptive-force-scaling-time-constant = 4
       shift-vector               = 
       transformation-matrix      = 
grpopts:
   nrdf:        4997
   ref-t:         298
   tau-t:         0.5
annealing:          No
annealing-npoints:           0
   acc:	           0           0           0
   nfreeze:           N           N           N
   energygrp-flags[  0]: 0

Changing nstlist from 10 to 25, rlist from 0.944 to 1.068

NOTE: GROMACS was compiled without OpenMP and (thread-)MPI support, can only use a single CPU core

Pinning threads with an auto-selected logical core stride of 2
System total charge: 0.000
Reaction-Field:
epsRF = 0, rc = 0.9, krf = 0.685871, crf = 1.66667, epsfac = 138.935
The electrostatics potential has its minimum at r = 0.9
Potential shift: LJ r^-12: -3.541e+00 r^-6: -1.882e+00
Generated table with 1033 data points for 1-4 COUL.
Tabscale = 500 points/nm
Generated table with 1033 data points for 1-4 LJ6.
Tabscale = 500 points/nm
Generated table with 1033 data points for 1-4 LJ12.
Tabscale = 500 points/nm
Long Range LJ corr.: <C6> 2.8773e-03


Using plain C 4x4 nonbonded short-range kernels

WARNING: Using the slow plain C kernels. This should
not happen during routine usage on supported platforms.

Using a dual 4x4 pair-list setup updated with dynamic pruning:
  outer list: updated every 25 steps, buffer 0.168 nm, rlist 1.068 nm
  inner list: updated every  4 steps, buffer 0.004 nm, rlist 0.904 nm
At tolerance 0.005 kJ/mol/ps per atom, equivalent classical 1x1 list would be:
  outer list: updated every 25 steps, buffer 0.231 nm, rlist 1.131 nm
  inner list: updated every  4 steps, buffer 0.014 nm, rlist 0.914 nm

Using geometric Lennard-Jones combination rule
Removing pbc first time

Will apply potential COM pulling
with 3 pull coordinates and 3 groups
Pull group 1:  1200 atoms, mass 17235.600
Pull group 2:     3 atoms, mass    18.015
Pull group 3:     3 atoms, mass    18.015

Initializing LINear Constraint Solver

++++ PLEASE READ AND CITE THE FOLLOWING REFERENCE ++++
B. Hess and H. Bekker and H. J. C. Berendsen and J. G. E. M. Fraaije
LINCS: A Linear Constraint Solver for molecular simulations
J. Comp. Chem. 18 (1997) pp. 1463-1472
-------- -------- --- Thank You --- -------- --------

The number of constraints is 1000

++++ PLEASE READ AND CITE THE FOLLOWING REFERENCE ++++
S. Miyamoto and P. A. Kollman
SETTLE: An Analytical Version of the SHAKE and RATTLE Algorithms for Rigid
Water Models
J. Comp. Chem. 13 (1992) pp. 952-962
-------- -------- --- Thank You --- -------- --------


++++ PLEASE READ AND CITE THE FOLLOWING REFERENCE ++++
G. Bussi, D. Donadio and M. Parrinello
Canonical sampling through velocity rescaling
J. Chem. Phys. 126 (2007) pp. 014101
-------- -------- --- Thank You --- -------- --------

There are: 2400 Atoms

Constraining the starting coordinates (step 0)

Constraining the coordinates at t0-dt (step 0)
Center of mass motion removal mode is Linear
We have the following groups for center of mass motion removal:
  0:  rest
RMS relative constraint deviation after constraining: 1.07e-06
Initial temperature: 293.004 K

Started mdrun on rank 0 Wed Nov  3 13:19:14 2021

           Step           Time
              0        0.00000

   Energies (kJ/mol)
       G96Angle    Proper Dih.          LJ-14     Coulomb-14        LJ (SR)
    1.09331e+03    9.76631e+02   -4.05103e+02    0.00000e+00   -1.44761e+03
  Disper. corr.   Coulomb (SR)   COM Pull En.      Potential    Kinetic En.
   -1.73022e+03   -2.12979e+04    1.62272e+01   -2.27946e+04    6.08079e+03
   Total Energy  Conserved En.    Temperature Pres. DC (bar) Pressure (bar)
   -1.67138e+04   -1.67138e+04    2.92716e+02   -5.25950e+02   -8.76318e+01
   Constr. rmsd
    1.14425e-06

           Step           Time
             20        0.04000

Writing checkpoint, step 20 at Wed Nov  3 13:19:14 2021


   Energies (kJ/mol)
       G96Angle    Proper Dih.          LJ-14     Coulomb-14        LJ (SR)
    1.01831e+03    9.25507e+02   -3.60002e+02    0.00000e+00   -1.45756e+03
  Disper. corr.   Coulomb (SR)   COM Pull En.      Potential    Kinetic En.
   -1.73022e+03   -2.11481e+04    1.12512e+01   -2.27408e+04    6.05795e+03
   Total Energy  Conserved En.    Temperature Pres. DC (bar) Pressure (bar)
   -1.66828e+04   -1.67120e+04    2.91617e+02   -5.25950e+02   -8.35186e+01
   Constr. rmsd
    1.10767e-06


Energy conservation over simulation part #1 of length 0.04 ns, time 0 to 0.04 ns
  Conserved energy drift: 1.96e-02 kJ/mol/ps per atom


	<======  ###############  ==>
	<====  A V E R A G E S  ====>
	<==  ###############  ======>

	Statistics over 21 steps using 2 frames

   Energies (kJ/mol)
       G96Angle    Proper Dih.          LJ-14     Coulomb-14        LJ (SR)
    1.05581e+03    9.51069e+02   -3.82553e+02    0.00000e+00   -1.45258e+03
  Disper. corr.   Coulomb (SR)   COM Pull En.      Potential    Kinetic En.
   -1.73022e+03   -2.12230e+04    1.37392e+01   -2.27677e+04    6.06937e+03
   Total Energy  Conserved En.    Temperature Pres. DC (bar) Pressure (bar)
   -1.66983e+04   -1.67129e+04    2.92166e+02   -5.25950e+02   -8.55752e+01
   Constr. rmsd
    0.00000e+00

   Total Virial (kJ/mol)
    2.02633e+03   -7.82639e+01    7.36856e+01
   -7.82684e+01    2.38097e+03    8.08071e+01
    7.36894e+01    8.08170e+01    2.08593e+03

   Pressure (bar)
    1.24082e+01    4.59062e+01   -9.10851e+01
    4.59090e+01   -2.32488e+02   -7.23802e+01
   -9.10874e+01   -7.23862e+01   -3.66461e+01


	M E G A - F L O P S   A C C O U N T I N G

 NB=Group-cutoff nonbonded kernels    NxN=N-by-N cluster Verlet kernels
 RF=Reaction-Field  VdW=Van der Waals  QSTab=quadratic-spline table
 W3=SPC/TIP3p  W4=TIP4p (single or pairs)
 V&F=Potential and force  V=Potential only  F=Force only

 Computing:                               M-Number         M-Flops  % Flops
-----------------------------------------------------------------------------
 Pair Search distance check               0.456204           4.106     0.8
 NxN RF Elec. + LJ [F]                    4.868256         184.994    35.7
 NxN RF Elec. + LJ [V&F]                  0.512448          27.672     5.3
 NxN LJ [F]                               4.126800         136.184    26.3
 NxN LJ [V&F]                             0.434400          18.679     3.6
 NxN RF Electrostatics [F]                3.817936         118.356    22.8
 NxN RF Electrostatics [V&F]              0.401888          14.468     2.8
 1,4 nonbonded interactions               0.012600           1.134     0.2
 Shift-X                                  0.002400           0.014     0.0
 Angles                                   0.016800           2.822     0.5
 Propers                                  0.012600           2.885     0.6
 Virial                                   0.004890           0.088     0.0
 Stop-CM                                  0.007200           0.072     0.0
 Calc-Ekin                                0.024000           0.648     0.1
 Lincs                                    0.023000           1.380     0.3
 Lincs-Mat                                0.220800           0.883     0.2
 Constraint-V                             0.070400           0.634     0.1
 Constraint-Vir                           0.004400           0.106     0.0
 Settle                                   0.009200           3.404     0.7
-----------------------------------------------------------------------------
 Total                                                     518.530   100.0
-----------------------------------------------------------------------------


     R E A L   C Y C L E   A N D   T I M E   A C C O U N T I N G

On 1 MPI rank

 Computing:          Num   Num      Call    Wall time         Giga-Cycles
                     Ranks Threads  Count      (s)         total sum    %
-----------------------------------------------------------------------------
 Neighbor search        1    1          1       0.025          0.064   3.8
 Force                  1    1         21       0.539          1.396  84.2
 NB X/F buffer ops.     1    1         41       0.001          0.004   0.2
 COM pull force         1    1         21       0.006          0.015   0.9
 Write traj.            1    1          2       0.015          0.040   2.4
 Update                 1    1         21       0.002          0.006   0.4
 Constraints            1    1         23       0.051          0.133   8.0
-----------------------------------------------------------------------------
 Total                                          0.640          1.658 100.0
-----------------------------------------------------------------------------

               Core t (s)   Wall t (s)        (%)
       Time:        0.639        0.640       99.9
                 (ns/day)    (hour/ns)
Performance:        5.674        4.230
Finished mdrun on rank 0 Wed Nov  3 13:19:14 2021

