     :-) GROMACS - gmx mdrun, 2022-beta1-dev-20211204-782851cce7-dirty (-:

                            GROMACS is written by:
     Andrey Alekseenko              Emile Apol              Rossen Apostolov     
         Paul Bauer           Herman J.C. Berendsen           Par Bjelkmar       
       Christian Blau           Viacheslav Bolnykh             Kevin Boyd        
     Aldert van Buuren           Rudi van Drunen             Anton Feenstra      
      Oliver Fleetwood             Gaurav Garg            Gilles Gouaillardet    
         Alan Gray               Gerrit Groenhof             Anca Hamuraru       
     Vincent Hindriksen          M. Eric Irrgang            Aleksei Iupinov      
     Christoph Junghans             Joe Jordan            Dimitrios Karkoulis    
        Peter Kasson                Jiri Kraus              Carsten Kutzner      
        Per Larsson              Justin A. Lemkul            Viveca Lindahl      
      Magnus Lundborg             Erik Marklund               Pascal Merz        
     Pieter Meulenhoff            Teemu Murtola               Szilard Pall       
        Sander Pronk              Roland Schulz              Michael Shirts      
      Alexey Shvetsov             Alfons Sijbers             Peter Tieleman      
        Jon Vincent              Teemu Virolainen          Christian Wennberg    
        Maarten Wolf              Artem Zhmurov       
                           and the project leaders:
        Mark Abraham, Berk Hess, Erik Lindahl, and David van der Spoel

Copyright (c) 1991-2000, University of Groningen, The Netherlands.
Copyright (c) 2001-2019, The GROMACS development team at
Uppsala University, Stockholm University and
the Royal Institute of Technology, Sweden.
check out http://www.gromacs.org for more information.

GROMACS is free software; you can redistribute it and/or modify it
under the terms of the GNU Lesser General Public License
as published by the Free Software Foundation; either version 2.1
of the License, or (at your option) any later version.

GROMACS:      gmx mdrun, version 2022-beta1-dev-20211204-782851cce7-dirty
Executable:   /home/mabraham/git/features/build-cmake-gcc-reference/install/bin/gmx
Data prefix:  /home/mabraham/git/features/build-cmake-gcc-reference/install
Working dir:  /home/mabraham/git/regressiontests/complex/tip4p_continue
Process ID:   572441
Command line:
  gmx mdrun -notunepme -cpi /home/mabraham/git/regressiontests/complex/tip4p_continue/continue -noappend

GROMACS version:    2022-beta1-dev-20211204-782851cce7-dirty
GIT SHA1 hash:      782851cce7b62d248e59b5be10838a76018ff35c (dirty)
Branched from:      88b93e6518723461ba9d188d2830b0050711ec84 (1 newer local commits)
Precision:          mixed
Memory model:       64 bit
MPI library:        none
OpenMP support:     disabled
GPU support:        disabled
SIMD instructions:  NONE
CPU FFT library:    fftpack (built-in)
GPU FFT library:    none
RDTSCP usage:       enabled
TNG support:        enabled
Hwloc support:      hwloc-2.1.0
Tracing support:    disabled
C compiler:         /usr/bin/gcc-7 GNU 7.5.0
C compiler flags:   -pthread -Wno-unknown-pragmas -Wall -Wno-unused -Wunused-value -Wunused-parameter -Wextra -Wno-sign-compare -Wpointer-arith -Wundef -Wno-missing-field-initializers -O0 -g
C++ compiler:       /usr/bin/g++-7 GNU 7.5.0
C++ compiler flags: -pthread -Wno-unknown-pragmas -Wall -Wextra -Wpointer-arith -Wmissing-declarations -Wundef -Wno-missing-field-initializers -O0 -g


Running on 1 node with total 2 cores, 4 logical cores
Hardware detected:
  CPU info:
    Vendor: Intel
    Brand:  Intel(R) Core(TM) i7-7500U CPU @ 2.70GHz
    Family: 6   Model: 142   Stepping: 9
    Features: aes apic avx avx2 clfsh cmov cx8 cx16 f16c fma htt intel lahf mmx msr nonstop_tsc pcid pclmuldq pdcm pdpe1gb popcnt pse rdrnd rdtscp sse2 sse3 sse4.1 sse4.2 ssse3 tdt x2apic
  Hardware topology: Full, with devices
    Sockets, cores, and logical processors:
      Socket  0: [   0   2] [   1   3]
    Numa nodes:
      Node  0 (8062824448 bytes mem):   0   2   1   3
      Latency:
               0
         0  1.00
    Caches:
      L1: 32768 bytes, linesize 64 bytes, assoc. 8, shared 2 ways
      L2: 262144 bytes, linesize 64 bytes, assoc. 4, shared 2 ways
      L3: 4194304 bytes, linesize 64 bytes, assoc. 16, shared 4 ways
    PCI devices:
      0000:00:02.0  Id: 8086:5916  Class: 0x0300  Numa: 0
      0000:3a:00.0  Id: 168c:003e  Class: 0x0280  Numa: 0
      0000:3c:00.0  Id: 1c5c:1283  Class: 0x0108  Numa: 0

Highest SIMD level supported by all nodes in run: AVX2_256
SIMD instructions selected at compile time:       None
This program was compiled for different hardware than you are running on,
which could influence performance.

++++ PLEASE READ AND CITE THE FOLLOWING REFERENCE ++++
M. J. Abraham, T. Murtola, R. Schulz, S. Páll, J. C. Smith, B. Hess, E.
Lindahl
GROMACS: High performance molecular simulations through multi-level
parallelism from laptops to supercomputers
SoftwareX 1 (2015) pp. 19-25
-------- -------- --- Thank You --- -------- --------


++++ PLEASE READ AND CITE THE FOLLOWING REFERENCE ++++
S. Páll, M. J. Abraham, C. Kutzner, B. Hess, E. Lindahl
Tackling Exascale Software Challenges in Molecular Dynamics Simulations with
GROMACS
In S. Markidis & E. Laure (Eds.), Solving Software Challenges for Exascale 8759 (2015) pp. 3-27
-------- -------- --- Thank You --- -------- --------


++++ PLEASE READ AND CITE THE FOLLOWING REFERENCE ++++
S. Pronk, S. Páll, R. Schulz, P. Larsson, P. Bjelkmar, R. Apostolov, M. R.
Shirts, J. C. Smith, P. M. Kasson, D. van der Spoel, B. Hess, and E. Lindahl
GROMACS 4.5: a high-throughput and highly parallel open source molecular
simulation toolkit
Bioinformatics 29 (2013) pp. 845-54
-------- -------- --- Thank You --- -------- --------


++++ PLEASE READ AND CITE THE FOLLOWING REFERENCE ++++
B. Hess and C. Kutzner and D. van der Spoel and E. Lindahl
GROMACS 4: Algorithms for highly efficient, load-balanced, and scalable
molecular simulation
J. Chem. Theory Comput. 4 (2008) pp. 435-447
-------- -------- --- Thank You --- -------- --------


++++ PLEASE READ AND CITE THE FOLLOWING REFERENCE ++++
D. van der Spoel, E. Lindahl, B. Hess, G. Groenhof, A. E. Mark and H. J. C.
Berendsen
GROMACS: Fast, Flexible and Free
J. Comp. Chem. 26 (2005) pp. 1701-1719
-------- -------- --- Thank You --- -------- --------


++++ PLEASE READ AND CITE THE FOLLOWING REFERENCE ++++
E. Lindahl and B. Hess and D. van der Spoel
GROMACS 3.0: A package for molecular simulation and trajectory analysis
J. Mol. Mod. 7 (2001) pp. 306-317
-------- -------- --- Thank You --- -------- --------


++++ PLEASE READ AND CITE THE FOLLOWING REFERENCE ++++
H. J. C. Berendsen, D. van der Spoel and R. van Drunen
GROMACS: A message-passing parallel molecular dynamics implementation
Comp. Phys. Comm. 91 (1995) pp. 43-56
-------- -------- --- Thank You --- -------- --------

Input Parameters:
   integrator                     = md
   tinit                          = 0
   dt                             = 0.002
   nsteps                         = 20
   init-step                      = 0
   simulation-part                = 1
   mts                            = false
   comm-mode                      = Linear
   nstcomm                        = 1
   bd-fric                        = 0
   ld-seed                        = 1993
   emtol                          = 0.001
   emstep                         = 0.1
   niter                          = 20
   fcstep                         = 0
   nstcgsteep                     = 200
   nbfgscorr                      = 10
   rtpi                           = 0.05
   nstxout                        = 20
   nstvout                        = 20
   nstfout                        = 20
   nstlog                         = 0
   nstcalcenergy                  = 1
   nstenergy                      = 1
   nstxout-compressed             = 0
   compressed-x-precision         = 200
   cutoff-scheme                  = Verlet
   nstlist                        = 5
   pbc                            = xyz
   periodic-molecules             = false
   verlet-buffer-tolerance        = -1
   rlist                          = 0.91
   coulombtype                    = PME
   coulomb-modifier               = Potential-shift
   rcoulomb-switch                = 0
   rcoulomb                       = 0.9
   epsilon-r                      = 1
   epsilon-rf                     = 1
   vdw-type                       = Cut-off
   vdw-modifier                   = Force-switch
   rvdw-switch                    = 0.7
   rvdw                           = 0.9
   DispCorr                       = No
   table-extension                = 1
   fourierspacing                 = 0.12
   fourier-nx                     = 16
   fourier-ny                     = 16
   fourier-nz                     = 16
   pme-order                      = 4
   ewald-rtol                     = 1e-05
   ewald-rtol-lj                  = 0.001
   lj-pme-comb-rule               = Geometric
   ewald-geometry                 = 3d
   epsilon-surface                = 0
   tcoupl                         = V-rescale
   nsttcouple                     = 5
   nh-chain-length                = 0
   print-nose-hoover-chain-variables = false
   pcoupl                         = No
   pcoupltype                     = Isotropic
   nstpcouple                     = 5
   tau-p                          = 1
   compressibility (3x3):
      compressibility[    0]={ 0.00000e+00,  0.00000e+00,  0.00000e+00}
      compressibility[    1]={ 0.00000e+00,  0.00000e+00,  0.00000e+00}
      compressibility[    2]={ 0.00000e+00,  0.00000e+00,  0.00000e+00}
   ref-p (3x3):
      ref-p[    0]={ 0.00000e+00,  0.00000e+00,  0.00000e+00}
      ref-p[    1]={ 0.00000e+00,  0.00000e+00,  0.00000e+00}
      ref-p[    2]={ 0.00000e+00,  0.00000e+00,  0.00000e+00}
   refcoord-scaling               = No
   posres-com (3):
      posres-com[0]= 0.00000e+00
      posres-com[1]= 0.00000e+00
      posres-com[2]= 0.00000e+00
   posres-comB (3):
      posres-comB[0]= 0.00000e+00
      posres-comB[1]= 0.00000e+00
      posres-comB[2]= 0.00000e+00
   QMMM                           = false
qm-opts:
   ngQM                           = 0
   constraint-algorithm           = Lincs
   continuation                   = false
   Shake-SOR                      = false
   shake-tol                      = 0.0001
   lincs-order                    = 4
   lincs-iter                     = 1
   lincs-warnangle                = 30
   nwall                          = 0
   wall-type                      = 9-3
   wall-r-linpot                  = -1
   wall-atomtype[0]               = -1
   wall-atomtype[1]               = -1
   wall-density[0]                = 0
   wall-density[1]                = 0
   wall-ewald-zfac                = 3
   pull                           = false
   awh                            = false
   rotation                       = false
   interactiveMD                  = false
   disre                          = No
   disre-weighting                = Equal
   disre-mixed                    = false
   dr-fc                          = 200
   dr-tau                         = 1.25
   nstdisreout                    = 20
   orire-fc                       = 0
   orire-tau                      = 0
   nstorireout                    = 20
   free-energy                    = no
   cos-acceleration               = 0
   deform (3x3):
      deform[    0]={ 0.00000e+00,  0.00000e+00,  0.00000e+00}
      deform[    1]={ 0.00000e+00,  0.00000e+00,  0.00000e+00}
      deform[    2]={ 0.00000e+00,  0.00000e+00,  0.00000e+00}
   simulated-tempering            = false
   swapcoords                     = no
   userint1                       = 0
   userint2                       = 0
   userint3                       = 0
   userint4                       = 0
   userreal1                      = 0
   userreal2                      = 0
   userreal3                      = 0
   userreal4                      = 0
   applied-forces:
     electric-field:
       x:
         E0                       = 0
         omega                    = 0
         t0                       = 0
         sigma                    = 0
       y:
         E0                       = 0
         omega                    = 0
         t0                       = 0
         sigma                    = 0
       z:
         E0                       = 0
         omega                    = 0
         t0                       = 0
         sigma                    = 0
     density-guided-simulation:
       active                     = false
       group                      = protein
       similarity-measure         = inner-product
       atom-spreading-weight      = unity
       force-constant             = 1e+09
       gaussian-transform-spreading-width = 0.2
       gaussian-transform-spreading-range-in-multiples-of-width = 4
       reference-density-filename = reference.mrc
       nst                        = 1
       normalize-densities        = true
       adaptive-force-scaling     = false
       adaptive-force-scaling-time-constant = 4
       shift-vector               = 
       transformation-matrix      = 
     qmmm-cp2k:
       active                     = false
       qmgroup                    = System
       qmmethod                   = PBE
       qmfilenames                = 
       qmcharge                   = 0
       qmmultiplicity             = 1
grpopts:
   nrdf:        1293
   ref-t:         300
   tau-t:         0.1
annealing:          No
annealing-npoints:           0
   acc:	           0           0           0
   nfreeze:           N           N           N
   energygrp-flags[  0]: 0


Reading checkpoint file /home/mabraham/git/regressiontests/complex/tip4p_continue/continue.cpt
  file generated by:     /home/mabraham/git/features/build-cmake-gcc-reference/install/bin/gmx
  file generated at:     Sat Dec  4 17:07:56 2021

  GROMACS double prec.:  0
  simulation part #:     1
  step:                  5
  time:                  0.010000

Can not increase nstlist because verlet-buffer-tolerance is not set or used
When checking whether update groups are usable:
  The combination of rlist and box size prohibits the use of update groups

Initializing Domain Decomposition on 1 ranks
Dynamic load balancing: auto
Minimum cell size due to atom displacement: 0.027 nm
Initial maximum distances in bonded interactions:
    two-body bonded interactions: 0.151 nm, Exclusion, atoms 246 247
Minimum cell size due to bonded interactions: 0.000 nm
Using 0 separate PME ranks because: there are too few total ranks for efficient splitting
Optimizing the DD grid for 1 cells with a minimum initial size of 0.027 nm
The maximum allowed number of cells is: X 69 Y 69 Z 69
Domain decomposition grid 1 x 1 x 1, separate PME ranks 0
PME domain decomposition: 1 x 1 x 1

The initial number of communication pulses is:
The initial domain decomposition cell size is:

The maximum allowed distance for atoms involved in interactions is:
                 non-bonded interactions           0.910 nm
            two-body bonded interactions  (-rdd)   0.910 nm
          multi-body bonded interactions  (-rdd)   0.910 nm
              virtual site constructions  (-rcon)  1.868 nm
  atoms separated by up to 5 constraints  (-rcon)  1.868 nm

When dynamic load balancing gets turned on, these settings will change to:
The maximum number of communication pulses is:
The minimum size for domain decomposition cells is 0.910 nm
The requested allowed shrink of DD cells (option -dds) is: 0.80
The allowed shrink of domain decomposition cells is:
The maximum allowed distance for atoms involved in interactions is:
                 non-bonded interactions           0.910 nm
            two-body bonded interactions  (-rdd)   0.910 nm
          multi-body bonded interactions  (-rdd)   0.910 nm
              virtual site constructions  (-rcon)  0.910 nm
  atoms separated by up to 5 constraints  (-rcon)  0.910 nm

NOTE: GROMACS was compiled without OpenMP and (thread-)MPI support, can only use a single CPU core

Pinning threads with an auto-selected logical core stride of 2
System total charge: 0.000
Will do PME sum in reciprocal space for electrostatic interactions.

++++ PLEASE READ AND CITE THE FOLLOWING REFERENCE ++++
U. Essmann, L. Perera, M. L. Berkowitz, T. Darden, H. Lee and L. G. Pedersen 
A smooth particle mesh Ewald method
J. Chem. Phys. 103 (1995) pp. 8577-8592
-------- -------- --- Thank You --- -------- --------

Using a Gaussian width (1/beta) of 0.288146 nm for Ewald
Potential shift: LJ r^-12: -1.053e+01 r^-6: -3.461e+00, Ewald -1.111e-05
Initialized non-bonded Ewald tables, spacing: 8.85e-04 size: 1018



Using plain C 4x4 nonbonded short-range kernels

WARNING: Using the slow plain C kernels. This should
not happen during routine usage on supported platforms.

Using a 4x4 pair-list setup:
  updated every 5 steps, buffer 0.010 nm, rlist 0.910 nm

Linking all bonded interactions to atoms
There are 216 inter update-group virtual sites,
will perform an extra communication step for selected coordinates and forces


++++ PLEASE READ AND CITE THE FOLLOWING REFERENCE ++++
S. Miyamoto and P. A. Kollman
SETTLE: An Analytical Version of the SHAKE and RATTLE Algorithms for Rigid
Water Models
J. Comp. Chem. 13 (1992) pp. 952-962
-------- -------- --- Thank You --- -------- --------


++++ PLEASE READ AND CITE THE FOLLOWING REFERENCE ++++
G. Bussi, D. Donadio and M. Parrinello
Canonical sampling through velocity rescaling
J. Chem. Phys. 126 (2007) pp. 014101
-------- -------- --- Thank You --- -------- --------

There are: 648 Atoms
There are: 216 VSites

Atom distribution over 1 domains: av 864 stddev 0 min 864 max 864
Center of mass motion removal mode is Linear
We have the following groups for center of mass motion removal:
  0:  rest

Started mdrun on rank 0 Sat Dec  4 17:10:28 2021

           Step           Time
             20        0.04000

Writing checkpoint, step 20 at Sat Dec  4 17:10:28 2021


   Energies (kJ/mol)
        LJ (SR)   Coulomb (SR)   Coul. recip.      Potential    Kinetic En.
    1.21575e+03   -1.01128e+04    5.99819e+01   -8.83708e+03    1.66442e+03
   Total Energy  Conserved En.    Temperature Pressure (bar)
   -7.17266e+03   -7.09393e+03    3.09642e+02   -4.33661e+03


Energy conservation over simulation part #2 of length 0.03 ns, time 0.01 to 0.04 ns
  Conserved energy drift: -1.07e-01 kJ/mol/ps per atom


	<======  ###############  ==>
	<====  A V E R A G E S  ====>
	<==  ###############  ======>

	Statistics over 16 steps using 16 frames

   Energies (kJ/mol)
        LJ (SR)   Coulomb (SR)   Coul. recip.      Potential    Kinetic En.
    9.87010e+02   -9.91736e+03    6.56444e+01   -8.86470e+03    1.70141e+03
   Total Energy  Conserved En.    Temperature Pressure (bar)
   -7.16329e+03   -7.09175e+03    3.16523e+02   -6.08208e+03

   Total Virial (kJ/mol)
    1.64243e+03   -1.59741e+01    1.12295e+02
   -1.59744e+01    1.81074e+03   -1.04955e+02
    1.12285e+02   -1.04963e+02    1.83079e+03

   Pressure (bar)
   -5.46111e+03    1.93503e+01   -6.54891e+02
    1.93518e+01   -6.15194e+03    5.21034e+02
   -6.54842e+02    5.21074e+02   -6.63320e+03


	M E G A - F L O P S   A C C O U N T I N G

 NB=Group-cutoff nonbonded kernels    NxN=N-by-N cluster Verlet kernels
 RF=Reaction-Field  VdW=Van der Waals  QSTab=quadratic-spline table
 W3=SPC/TIP3p  W4=TIP4p (single or pairs)
 V&F=Potential and force  V=Potential only  F=Force only

 Computing:                               M-Number         M-Flops  % Flops
-----------------------------------------------------------------------------
 Pair Search distance check               0.914444           8.230     2.3
 NxN QSTab Elec. + LJ [V&F]               2.658432         215.333    59.5
 NxN LJ [V&F]                             0.079280           5.153     1.4
 NxN QSTab Elec. [V&F]                    2.658432         108.996    30.1
 Calc Weights                             0.041472           1.493     0.4
 Spread Q Bspline                         0.884736           1.769     0.5
 Gather F Bspline                         0.884736           5.308     1.5
 3D-FFT                                   1.572864          12.583     3.5
 Solve PME                                0.004096           0.262     0.1
 Reset In Box                             0.002592           0.008     0.0
 CG-CoM                                   0.003456           0.010     0.0
 Virial                                   0.014544           0.262     0.1
 Stop-CM                                  0.013824           0.138     0.0
 Calc-Ekin                                0.013824           0.373     0.1
 Constraint-V                             0.010368           0.093     0.0
 Constraint-Vir                           0.010368           0.249     0.1
 Settle                                   0.003456           1.279     0.4
 Virtual Site 3                           0.006912           0.256     0.1
-----------------------------------------------------------------------------
 Total                                                     361.796   100.0
-----------------------------------------------------------------------------


    D O M A I N   D E C O M P O S I T I O N   S T A T I S T I C S

 av. #atoms communicated per step for force:  2 x 0.0
 av. #atoms communicated per step for vsites: 3 x 0.0
 av. #atoms communicated per step for LINCS:  2 x 0.0


     R E A L   C Y C L E   A N D   T I M E   A C C O U N T I N G

On 1 MPI rank

 Computing:          Num   Num      Call    Wall time         Giga-Cycles
                     Ranks Threads  Count      (s)         total sum    %
-----------------------------------------------------------------------------
 Domain decomp.         1    1          3       0.007          0.020   1.4
 Vsite constr.          1    1         16       0.001          0.002   0.2
 Neighbor search        1    1          4       0.044          0.127   8.8
 Force                  1    1         16       0.391          1.136  78.8
 PME mesh               1    1         16       0.023          0.067   4.7
 NB X/F buffer ops.     1    1         28       0.000          0.001   0.1
 Vsite spread           1    1         32       0.002          0.006   0.5
 Write traj.            1    1          1       0.017          0.048   3.4
 Update                 1    1         16       0.001          0.004   0.3
 Constraints            1    1         16       0.002          0.006   0.4
 Rest                                           0.008          0.023   1.6
-----------------------------------------------------------------------------
 Total                                          0.496          1.442 100.0
-----------------------------------------------------------------------------
 Breakdown of PME mesh computation
-----------------------------------------------------------------------------
 PME spread             1    1         16       0.005          0.016   1.1
 PME gather             1    1         16       0.007          0.020   1.4
 PME 3D-FFT             1    1         32       0.006          0.016   1.1
 PME solve Elec         1    1         16       0.005          0.015   1.0
-----------------------------------------------------------------------------

               Core t (s)   Wall t (s)        (%)
       Time:        0.496        0.496       99.9
                 (ns/day)    (hour/ns)
Performance:        5.569        4.310
Finished mdrun on rank 0 Sat Dec  4 17:10:28 2021

