          :-) GROMACS - gmx mdrun, 2021.4-dev-20211103-9f3e8131b9 (-:

                            GROMACS is written by:
     Andrey Alekseenko              Emile Apol              Rossen Apostolov     
         Paul Bauer           Herman J.C. Berendsen           Par Bjelkmar       
       Christian Blau           Viacheslav Bolnykh             Kevin Boyd        
     Aldert van Buuren           Rudi van Drunen             Anton Feenstra      
    Gilles Gouaillardet             Alan Gray               Gerrit Groenhof      
       Anca Hamuraru            Vincent Hindriksen          M. Eric Irrgang      
      Aleksei Iupinov           Christoph Junghans             Joe Jordan        
    Dimitrios Karkoulis            Peter Kasson                Jiri Kraus        
      Carsten Kutzner              Per Larsson              Justin A. Lemkul     
       Viveca Lindahl            Magnus Lundborg             Erik Marklund       
        Pascal Merz             Pieter Meulenhoff            Teemu Murtola       
        Szilard Pall               Sander Pronk              Roland Schulz       
       Michael Shirts            Alexey Shvetsov             Alfons Sijbers      
       Peter Tieleman              Jon Vincent              Teemu Virolainen     
     Christian Wennberg            Maarten Wolf              Artem Zhmurov       
                           and the project leaders:
        Mark Abraham, Berk Hess, Erik Lindahl, and David van der Spoel

Copyright (c) 1991-2000, University of Groningen, The Netherlands.
Copyright (c) 2001-2019, The GROMACS development team at
Uppsala University, Stockholm University and
the Royal Institute of Technology, Sweden.
check out http://www.gromacs.org for more information.

GROMACS is free software; you can redistribute it and/or modify it
under the terms of the GNU Lesser General Public License
as published by the Free Software Foundation; either version 2.1
of the License, or (at your option) any later version.

GROMACS:      gmx mdrun, version 2021.4-dev-20211103-9f3e8131b9
Executable:   /home/mabraham/git/r2021/build-cmake-gcc-reference/install/bin/gmx
Data prefix:  /home/mabraham/git/r2021/build-cmake-gcc-reference/install
Working dir:  /home/mabraham/git/regressiontests/freeenergy/transformAtoB
Process ID:   354547
Command line:
  gmx mdrun -notunepme

GROMACS version:    2021.4-dev-20211103-9f3e8131b9
GIT SHA1 hash:      9f3e8131b9496f79a98f9d91c6084768d973906c
Precision:          mixed
Memory model:       64 bit
MPI library:        none
OpenMP support:     disabled
GPU support:        disabled
SIMD instructions:  NONE
FFT library:        fftpack (built-in)
RDTSCP usage:       enabled
TNG support:        enabled
Hwloc support:      hwloc-2.1.0
Tracing support:    disabled
C compiler:         /usr/bin/gcc-7 GNU 7.5.0
C compiler flags:   -Wno-unknown-pragmas -Wall -Wno-unused -Wunused-value -Wunused-parameter -Wextra -Wno-sign-compare -Wpointer-arith -Wundef -Wno-missing-field-initializers -O0 -g
C++ compiler:       /usr/bin/g++-7 GNU 7.5.0
C++ compiler flags: -Wno-unknown-pragmas -Wall -Wextra -Wpointer-arith -Wmissing-declarations -Wundef -Wno-missing-field-initializers -O0 -g


Running on 1 node with total 6 cores, 12 logical cores
Hardware detected:
  CPU info:
    Vendor: Intel
    Brand:  Intel(R) Core(TM) i7-10750H CPU @ 2.60GHz
    Family: 6   Model: 165   Stepping: 2
    Features: aes apic avx avx2 clfsh cmov cx8 cx16 f16c fma htt intel lahf mmx msr nonstop_tsc pcid pclmuldq pdcm pdpe1gb popcnt pse rdrnd rdtscp sse2 sse3 sse4.1 sse4.2 ssse3 tdt x2apic
  Hardware topology: Full, with devices
    Sockets, cores, and logical processors:
      Socket  0: [   0   6] [   1   7] [   2   8] [   3   9] [   4  10] [   5  11]
    Numa nodes:
      Node  0 (16520794112 bytes mem):   0   6   1   7   2   8   3   9   4  10   5  11
      Latency:
               0
         0  1.00
    Caches:
      L1: 32768 bytes, linesize 64 bytes, assoc. 8, shared 2 ways
      L2: 262144 bytes, linesize 64 bytes, assoc. 4, shared 2 ways
      L3: 12582912 bytes, linesize 64 bytes, assoc. 16, shared 12 ways
    PCI devices:
      0000:01:00.0  Id: 10de:1f95  Class: 0x0302  Numa: 0
      0000:00:02.0  Id: 8086:9bc4  Class: 0x0300  Numa: 0
      0000:00:14.3  Id: 8086:06f0  Class: 0x0280  Numa: 0
      0000:6d:00.0  Id: 1344:5405  Class: 0x0108  Numa: 0

Highest SIMD level supported by all nodes in run: AVX2_256
SIMD instructions selected at compile time:       None
This program was compiled for different hardware than you are running on,
which could influence performance.

++++ PLEASE READ AND CITE THE FOLLOWING REFERENCE ++++
M. J. Abraham, T. Murtola, R. Schulz, S. Páll, J. C. Smith, B. Hess, E.
Lindahl
GROMACS: High performance molecular simulations through multi-level
parallelism from laptops to supercomputers
SoftwareX 1 (2015) pp. 19-25
-------- -------- --- Thank You --- -------- --------


++++ PLEASE READ AND CITE THE FOLLOWING REFERENCE ++++
S. Páll, M. J. Abraham, C. Kutzner, B. Hess, E. Lindahl
Tackling Exascale Software Challenges in Molecular Dynamics Simulations with
GROMACS
In S. Markidis & E. Laure (Eds.), Solving Software Challenges for Exascale 8759 (2015) pp. 3-27
-------- -------- --- Thank You --- -------- --------


++++ PLEASE READ AND CITE THE FOLLOWING REFERENCE ++++
S. Pronk, S. Páll, R. Schulz, P. Larsson, P. Bjelkmar, R. Apostolov, M. R.
Shirts, J. C. Smith, P. M. Kasson, D. van der Spoel, B. Hess, and E. Lindahl
GROMACS 4.5: a high-throughput and highly parallel open source molecular
simulation toolkit
Bioinformatics 29 (2013) pp. 845-54
-------- -------- --- Thank You --- -------- --------


++++ PLEASE READ AND CITE THE FOLLOWING REFERENCE ++++
B. Hess and C. Kutzner and D. van der Spoel and E. Lindahl
GROMACS 4: Algorithms for highly efficient, load-balanced, and scalable
molecular simulation
J. Chem. Theory Comput. 4 (2008) pp. 435-447
-------- -------- --- Thank You --- -------- --------


++++ PLEASE READ AND CITE THE FOLLOWING REFERENCE ++++
D. van der Spoel, E. Lindahl, B. Hess, G. Groenhof, A. E. Mark and H. J. C.
Berendsen
GROMACS: Fast, Flexible and Free
J. Comp. Chem. 26 (2005) pp. 1701-1719
-------- -------- --- Thank You --- -------- --------


++++ PLEASE READ AND CITE THE FOLLOWING REFERENCE ++++
E. Lindahl and B. Hess and D. van der Spoel
GROMACS 3.0: A package for molecular simulation and trajectory analysis
J. Mol. Mod. 7 (2001) pp. 306-317
-------- -------- --- Thank You --- -------- --------


++++ PLEASE READ AND CITE THE FOLLOWING REFERENCE ++++
H. J. C. Berendsen, D. van der Spoel and R. van Drunen
GROMACS: A message-passing parallel molecular dynamics implementation
Comp. Phys. Comm. 91 (1995) pp. 43-56
-------- -------- --- Thank You --- -------- --------

Input Parameters:
   integrator                     = md-vv
   tinit                          = 0
   dt                             = 0.002
   nsteps                         = 60
   init-step                      = 0
   simulation-part                = 1
   mts                            = false
   comm-mode                      = None
   nstcomm                        = 0
   bd-fric                        = 0
   ld-seed                        = 1993
   emtol                          = 10
   emstep                         = 0.01
   niter                          = 20
   fcstep                         = 0
   nstcgsteep                     = 1000
   nbfgscorr                      = 10
   rtpi                           = 0.05
   nstxout                        = 20
   nstvout                        = 20
   nstfout                        = 20
   nstlog                         = 10
   nstcalcenergy                  = 1
   nstenergy                      = 1
   nstxout-compressed             = 5000
   compressed-x-precision         = 60
   cutoff-scheme                  = Verlet
   nstlist                        = 10
   pbc                            = xyz
   periodic-molecules             = false
   verlet-buffer-tolerance        = 0.005
   rlist                          = 0.903
   coulombtype                    = PME-Switch
   coulomb-modifier               = Potential-shift
   rcoulomb-switch                = 0.89
   rcoulomb                       = 0.9
   epsilon-r                      = 1
   epsilon-rf                     = inf
   vdw-type                       = Cut-off
   vdw-modifier                   = Potential-switch
   rvdw-switch                    = 0.88
   rvdw                           = 0.9
   DispCorr                       = AllEnerPres
   table-extension                = 1
   fourierspacing                 = 0.1
   fourier-nx                     = 32
   fourier-ny                     = 32
   fourier-nz                     = 32
   pme-order                      = 6
   ewald-rtol                     = 1e-06
   ewald-rtol-lj                  = 0.001
   lj-pme-comb-rule               = Geometric
   ewald-geometry                 = 0
   epsilon-surface                = 0
   tcoupl                         = V-rescale
   nsttcouple                     = 10
   nh-chain-length                = 0
   print-nose-hoover-chain-variables = false
   pcoupl                         = No
   pcoupltype                     = Isotropic
   nstpcouple                     = -1
   tau-p                          = 1.67
   compressibility (3x3):
      compressibility[    0]={ 0.00000e+00,  0.00000e+00,  0.00000e+00}
      compressibility[    1]={ 0.00000e+00,  0.00000e+00,  0.00000e+00}
      compressibility[    2]={ 0.00000e+00,  0.00000e+00,  0.00000e+00}
   ref-p (3x3):
      ref-p[    0]={ 0.00000e+00,  0.00000e+00,  0.00000e+00}
      ref-p[    1]={ 0.00000e+00,  0.00000e+00,  0.00000e+00}
      ref-p[    2]={ 0.00000e+00,  0.00000e+00,  0.00000e+00}
   refcoord-scaling               = No
   posres-com (3):
      posres-com[0]= 0.00000e+00
      posres-com[1]= 0.00000e+00
      posres-com[2]= 0.00000e+00
   posres-comB (3):
      posres-comB[0]= 0.00000e+00
      posres-comB[1]= 0.00000e+00
      posres-comB[2]= 0.00000e+00
   QMMM                           = false
qm-opts:
   ngQM                           = 0
   constraint-algorithm           = Lincs
   continuation                   = false
   Shake-SOR                      = true
   shake-tol                      = 5e-06
   lincs-order                    = 8
   lincs-iter                     = 1
   lincs-warnangle                = 45
   nwall                          = 0
   wall-type                      = 9-3
   wall-r-linpot                  = -1
   wall-atomtype[0]               = -1
   wall-atomtype[1]               = -1
   wall-density[0]                = 0
   wall-density[1]                = 0
   wall-ewald-zfac                = 3
   pull                           = false
   awh                            = false
   rotation                       = false
   interactiveMD                  = false
   disre                          = No
   disre-weighting                = Conservative
   disre-mixed                    = false
   dr-fc                          = 1000
   dr-tau                         = 0
   nstdisreout                    = 100
   orire-fc                       = 0
   orire-tau                      = 0
   nstorireout                    = 100
   free-energy                    = yes
   init-lambda                    = -1
   init-lambda-state              = 1
   delta-lambda                   = 0
   nstdhdl                        = 10
   n-lambdas                      = 5
   separate-dvdl:
       fep-lambdas =   TRUE
      mass-lambdas =   FALSE
      coul-lambdas =   FALSE
       vdw-lambdas =   FALSE
    bonded-lambdas =   FALSE
 restraint-lambdas =   FALSE
temperature-lambdas =   FALSE
all-lambdas:
       fep-lambdas =            0        0.25         0.5        0.75           1
      mass-lambdas =            0        0.25         0.5        0.75           1
      coul-lambdas =            0        0.25         0.5        0.75           1
       vdw-lambdas =            0        0.25         0.5        0.75           1
    bonded-lambdas =            0        0.25         0.5        0.75           1
 restraint-lambdas =            0        0.25         0.5        0.75           1
temperature-lambdas =            0        0.25         0.5        0.75           1
   calc-lambda-neighbors          = 1
   dhdl-print-energy              = no
   sc-alpha                       = 0
   sc-power                       = 1
   sc-r-power                     = 6
   sc-sigma                       = 0.3
   sc-sigma-min                   = 0.3
   sc-coul                        = false
   dh-hist-size                   = 0
   dh-hist-spacing                = 0.1
   separate-dhdl-file             = yes
   dhdl-derivatives               = yes
   cos-acceleration               = 0
   deform (3x3):
      deform[    0]={ 0.00000e+00,  0.00000e+00,  0.00000e+00}
      deform[    1]={ 0.00000e+00,  0.00000e+00,  0.00000e+00}
      deform[    2]={ 0.00000e+00,  0.00000e+00,  0.00000e+00}
   simulated-tempering            = false
   swapcoords                     = no
   userint1                       = 0
   userint2                       = 0
   userint3                       = 0
   userint4                       = 0
   userreal1                      = 0
   userreal2                      = 0
   userreal3                      = 0
   userreal4                      = 0
   applied-forces:
     electric-field:
       x:
         E0                       = 0
         omega                    = 0
         t0                       = 0
         sigma                    = 0
       y:
         E0                       = 0
         omega                    = 0
         t0                       = 0
         sigma                    = 0
       z:
         E0                       = 0
         omega                    = 0
         t0                       = 0
         sigma                    = 0
     density-guided-simulation:
       active                     = false
       group                      = protein
       similarity-measure         = inner-product
       atom-spreading-weight      = unity
       force-constant             = 1e+09
       gaussian-transform-spreading-width = 0.2
       gaussian-transform-spreading-range-in-multiples-of-width = 4
       reference-density-filename = reference.mrc
       nst                        = 1
       normalize-densities        = true
       adaptive-force-scaling     = false
       adaptive-force-scaling-time-constant = 4
       shift-vector               = 
       transformation-matrix      = 
grpopts:
   nrdf:        5394
   ref-t:         300
   tau-t:           1
annealing:          No
annealing-npoints:           0
   acc:	           0           0           0
   nfreeze:           N           N           N
   energygrp-flags[  0]: 0

Changing nstlist from 10 to 40, rlist from 0.903 to 1.006

NOTE: GROMACS was compiled without OpenMP and (thread-)MPI support, can only use a single CPU core

Pinning threads with an auto-selected logical core stride of 2
System total charge, top. A: -0.000 top. B: 0.000
Will do PME sum in reciprocal space for electrostatic interactions.

++++ PLEASE READ AND CITE THE FOLLOWING REFERENCE ++++
U. Essmann, L. Perera, M. L. Berkowitz, T. Darden, H. Lee and L. G. Pedersen 
A smooth particle mesh Ewald method
J. Chem. Phys. 103 (1995) pp. 8577-8592
-------- -------- --- Thank You --- -------- --------

Using a Gaussian width (1/beta) of 0.260197 nm for Ewald
Potential shift: LJ r^-12: 0.000e+00 r^-6: 0.000e+00, Ewald -1.111e-06
Initialized non-bonded Ewald tables, spacing: 8.41e-04 size: 2386

Generated table with 1003 data points for 1-4 COUL.
Tabscale = 500 points/nm
Generated table with 1003 data points for 1-4 LJ6.
Tabscale = 500 points/nm
Generated table with 1003 data points for 1-4 LJ12.
Tabscale = 500 points/nm
Long Range LJ corr.: <C6> 2.7981e-04 <C12> 2.7541e-07


Using plain C 4x4 nonbonded short-range kernels

WARNING: Using the slow plain C kernels. This should
not happen during routine usage on supported platforms.

Using a dual 4x4 pair-list setup updated with dynamic pruning:
  outer list: updated every 40 steps, buffer 0.106 nm, rlist 1.006 nm
  inner list: updated every  9 steps, buffer 0.001 nm, rlist 0.901 nm
At tolerance 0.005 kJ/mol/ps per atom, equivalent classical 1x1 list would be:
  outer list: updated every 40 steps, buffer 0.189 nm, rlist 1.089 nm
  inner list: updated every  9 steps, buffer 0.013 nm, rlist 0.913 nm
There are 19 atoms and 19 charges for free energy perturbation
Removing pbc first time

Initializing LINear Constraint Solver

++++ PLEASE READ AND CITE THE FOLLOWING REFERENCE ++++
B. Hess and H. Bekker and H. J. C. Berendsen and J. G. E. M. Fraaije
LINCS: A Linear Constraint Solver for molecular simulations
J. Comp. Chem. 18 (1997) pp. 1463-1472
-------- -------- --- Thank You --- -------- --------

The number of constraints is 9

++++ PLEASE READ AND CITE THE FOLLOWING REFERENCE ++++
S. Miyamoto and P. A. Kollman
SETTLE: An Analytical Version of the SHAKE and RATTLE Algorithms for Rigid
Water Models
J. Comp. Chem. 13 (1992) pp. 952-962
-------- -------- --- Thank You --- -------- --------


Using the modular simulator.
Initial vector of lambda components:[     0.2500     0.2500     0.2500     0.2500     0.2500     0.2500     0.2500 ]
There are: 2692 Atoms

Started mdrun on rank 0 Wed Nov  3 13:20:43 2021


Constraining the starting coordinates (step 0)
RMS relative constraint deviation after constraining: 3.35e-07
Initial temperature: 302.801 K
           Step           Time
              0        0.00000

   Energies (kJ/mol)
           Bond          Angle    Proper Dih. Ryckaert-Bell.          LJ-14
    3.48392e+01    3.49747e+01    5.83510e-01   -2.94832e+00    1.87212e+02
     Coulomb-14        LJ (SR)  Disper. corr.   Coulomb (SR)   Coul. recip.
    2.23901e+01    5.96811e+03   -2.22848e+02   -4.38729e+04    4.35574e+02
      Potential    Kinetic En.   Total Energy  Conserved En.    Temperature
   -3.74150e+04    6.79003e+03   -3.06250e+04   -3.06250e+04    3.02801e+02
 Pres. DC (bar) Pressure (bar)    dVremain/dl   Constr. rmsd
   -1.33949e+02   -5.75012e+02    8.88991e+02    1.06975e-06

           Step           Time
             10        0.02000

   Energies (kJ/mol)
           Bond          Angle    Proper Dih. Ryckaert-Bell.          LJ-14
    4.48519e+01    3.83486e+01    1.00438e+00    1.85447e+00    1.85558e+02
     Coulomb-14        LJ (SR)  Disper. corr.   Coulomb (SR)   Coul. recip.
    2.23120e+01    6.23693e+03   -2.22848e+02   -4.32985e+04    4.57130e+02
      Potential    Kinetic En.   Total Energy  Conserved En.    Temperature
   -3.65333e+04    5.88943e+03   -3.06439e+04   -3.06189e+04    2.62639e+02
 Pres. DC (bar) Pressure (bar)    dVremain/dl   Constr. rmsd
   -1.33949e+02    6.19889e+02    8.42737e+02    4.68907e-07

           Step           Time
             20        0.04000

   Energies (kJ/mol)
           Bond          Angle    Proper Dih. Ryckaert-Bell.          LJ-14
    7.04600e+01    5.47568e+01    1.29999e+00   -2.70480e+00    1.51676e+02
     Coulomb-14        LJ (SR)  Disper. corr.   Coulomb (SR)   Coul. recip.
    2.21009e+01    6.35434e+03   -2.22848e+02   -4.34915e+04    4.75553e+02
      Potential    Kinetic En.   Total Energy  Conserved En.    Temperature
   -3.65869e+04    5.95005e+03   -3.06368e+04   -3.06179e+04    2.65342e+02
 Pres. DC (bar) Pressure (bar)    dVremain/dl   Constr. rmsd
   -1.33949e+02    3.79990e+02    7.12388e+02    3.26468e-07

           Step           Time
             30        0.06000

   Energies (kJ/mol)
           Bond          Angle    Proper Dih. Ryckaert-Bell.          LJ-14
    3.96448e+01    3.45616e+01    1.01971e+00   -1.11516e+00    1.85524e+02
     Coulomb-14        LJ (SR)  Disper. corr.   Coulomb (SR)   Coul. recip.
    2.27362e+01    5.97462e+03   -2.22848e+02   -4.30876e+04    4.77098e+02
      Potential    Kinetic En.   Total Energy  Conserved En.    Temperature
   -3.65763e+04    5.96120e+03   -3.06151e+04   -3.06174e+04    2.65839e+02
 Pres. DC (bar) Pressure (bar)    dVremain/dl   Constr. rmsd
   -1.33949e+02    3.82954e+01    8.66202e+02    8.59860e-07

           Step           Time
             40        0.08000

   Energies (kJ/mol)
           Bond          Angle    Proper Dih. Ryckaert-Bell.          LJ-14
    3.35034e+01    6.37166e+01    4.52592e-01   -2.96661e+00    1.77034e+02
     Coulomb-14        LJ (SR)  Disper. corr.   Coulomb (SR)   Coul. recip.
    2.27393e+01    5.74839e+03   -2.22848e+02   -4.28607e+04    4.86154e+02
      Potential    Kinetic En.   Total Energy  Conserved En.    Temperature
   -3.65546e+04    5.93876e+03   -3.06158e+04   -3.06161e+04    2.64838e+02
 Pres. DC (bar) Pressure (bar)    dVremain/dl   Constr. rmsd
   -1.33949e+02   -3.39433e+02    8.39699e+02    7.35929e-07

           Step           Time
             50        0.10000

   Energies (kJ/mol)
           Bond          Angle    Proper Dih. Ryckaert-Bell.          LJ-14
    5.99907e+01    4.46933e+01    8.20487e-01   -1.01606e+00    1.70185e+02
     Coulomb-14        LJ (SR)  Disper. corr.   Coulomb (SR)   Coul. recip.
    2.22043e+01    5.71601e+03   -2.22848e+02   -4.27219e+04    5.00132e+02
      Potential    Kinetic En.   Total Energy  Conserved En.    Temperature
   -3.64317e+04    5.82405e+03   -3.06076e+04   -3.06157e+04    2.59723e+02
 Pres. DC (bar) Pressure (bar)    dVremain/dl   Constr. rmsd
   -1.33949e+02   -6.77214e+02    8.21583e+02    1.30406e-06

Writing checkpoint, step 60 at Wed Nov  3 13:20:48 2021


           Step           Time
             60        0.12000

   Energies (kJ/mol)
           Bond          Angle    Proper Dih. Ryckaert-Bell.          LJ-14
    4.98223e+01    3.76697e+01    6.92958e-01    1.19612e+00    1.74465e+02
     Coulomb-14        LJ (SR)  Disper. corr.   Coulomb (SR)   Coul. recip.
    2.19977e+01    5.60164e+03   -2.22848e+02   -4.27356e+04    4.67085e+02
      Potential    Kinetic En.   Total Energy  Conserved En.    Temperature
   -3.66039e+04    5.99716e+03   -3.06067e+04   -3.06171e+04    2.67443e+02
 Pres. DC (bar) Pressure (bar)    dVremain/dl   Constr. rmsd
   -1.33949e+02   -7.84931e+02    8.35259e+02    1.53333e-06


Energy conservation over simulation part #1 of length 0.12 ns, time 0 to 0.12 ns
  Conserved energy drift: 2.44e-02 kJ/mol/ps per atom

	<======  ###############  ==>
	<====  A V E R A G E S  ====>
	<==  ###############  ======>

	Statistics over 61 steps using 61 frames

   Energies (kJ/mol)
           Bond          Angle    Proper Dih. Ryckaert-Bell.          LJ-14
    4.76154e+01    4.50844e+01    7.22580e-01   -1.92621e+00    1.74709e+02
     Coulomb-14        LJ (SR)  Disper. corr.   Coulomb (SR)   Coul. recip.
    2.25159e+01    5.97010e+03   -2.22848e+02   -4.31028e+04    4.79452e+02
      Potential    Kinetic En.   Total Energy  Conserved En.    Temperature
   -3.65873e+04    5.96630e+03   -3.06210e+04   -3.06157e+04    2.66066e+02
 Pres. DC (bar) Pressure (bar)    dVremain/dl   Constr. rmsd
   -1.33949e+02   -7.18656e+01    3.00658e+02    0.00000e+00

   Total Virial (kJ/mol)
    2.51568e+03    1.24601e+02    3.25428e+02
    1.24723e+02    1.57502e+03    3.44274e+02
    3.25439e+02    3.44221e+02    2.05216e+03

   Pressure (bar)
   -6.04894e+02   -1.27736e+02   -4.85372e+02
   -1.27886e+02    4.85774e+02   -3.84739e+02
   -4.85386e+02   -3.84674e+02   -9.64761e+01


	M E G A - F L O P S   A C C O U N T I N G

 NB=Group-cutoff nonbonded kernels    NxN=N-by-N cluster Verlet kernels
 RF=Reaction-Field  VdW=Van der Waals  QSTab=quadratic-spline table
 W3=SPC/TIP3p  W4=TIP4p (single or pairs)
 V&F=Potential and force  V=Potential only  F=Force only

 Computing:                               M-Number         M-Flops  % Flops
-----------------------------------------------------------------------------
 NB Free energy kernel                  135.687828         135.688     2.4
 Pair Search distance check               1.528732          13.759     0.2
 NxN QSTab Elec. + LJ [V&F]              33.149120        2618.780    46.0
 NxN QSTab Elec. [V&F]                   32.155440        1318.373    23.2
 1,4 nonbonded interactions               0.003914           0.352     0.0
 Calc Weights                             0.492636          17.735     0.3
 Spread Q Bspline                        70.939584         141.879     2.5
 Gather F Bspline                        70.939584         425.638     7.5
 3D-FFT                                 119.930636         959.445    16.8
 Solve PME                                0.124928           7.995     0.1
 Shift-X                                  0.005384           0.032     0.0
 Bonds                                    0.000671           0.040     0.0
 Angles                                   0.002013           0.338     0.0
 Propers                                  0.000671           0.154     0.0
 RB-Dihedrals                             0.002623           0.648     0.0
 Virial                                   0.166957           3.005     0.1
 Calc-Ekin                                0.164212           4.434     0.1
 Lincs                                    0.001116           0.067     0.0
 Lincs-Mat                                0.007440           0.030     0.0
 Constraint-V                             0.164151           1.477     0.0
 Constraint-Vir                           0.164151           3.940     0.1
 Settle                                   0.110484          40.879     0.7
-----------------------------------------------------------------------------
 Total                                                    5694.688   100.0
-----------------------------------------------------------------------------


     R E A L   C Y C L E   A N D   T I M E   A C C O U N T I N G

On 1 MPI rank

 Computing:          Num   Num      Call    Wall time         Giga-Cycles
                     Ranks Threads  Count      (s)         total sum    %
-----------------------------------------------------------------------------
 Neighbor search        1    1          2       0.072          0.186   1.4
 Force                  1    1         61       3.367          8.727  66.3
 PME mesh               1    1         61       1.453          3.767  28.6
 NB X/F buffer ops.     1    1        120       0.005          0.012   0.1
 Write traj.            1    1          5       0.009          0.023   0.2
 Update                 1    1        122       0.007          0.018   0.1
 Constraints            1    1        124       0.063          0.164   1.2
 Rest                                           0.099          0.257   2.0
-----------------------------------------------------------------------------
 Total                                          5.075         13.154 100.0
-----------------------------------------------------------------------------
 Breakdown of PME mesh computation
-----------------------------------------------------------------------------
 PME spread             1    1        122       0.349          0.904   6.9
 PME gather             1    1        122       0.415          1.076   8.2
 PME 3D-FFT             1    1        244       0.412          1.068   8.1
 PME solve Elec         1    1        122       0.277          0.719   5.5
-----------------------------------------------------------------------------

               Core t (s)   Wall t (s)        (%)
       Time:        5.074        5.075      100.0
                 (ns/day)    (hour/ns)
Performance:        2.077       11.555
Finished mdrun on rank 0 Wed Nov  3 13:20:48 2021

