 :-) GROMACS - gmx mdrun, 2022-beta2-dev-20211206-8941591526 (double precision) (-:

                            GROMACS is written by:
     Andrey Alekseenko              Emile Apol              Rossen Apostolov     
         Paul Bauer           Herman J.C. Berendsen           Par Bjelkmar       
       Christian Blau           Viacheslav Bolnykh             Kevin Boyd        
     Aldert van Buuren           Rudi van Drunen             Anton Feenstra      
      Oliver Fleetwood             Gaurav Garg            Gilles Gouaillardet    
         Alan Gray               Gerrit Groenhof             Anca Hamuraru       
     Vincent Hindriksen          M. Eric Irrgang            Aleksei Iupinov      
     Christoph Junghans             Joe Jordan            Dimitrios Karkoulis    
        Peter Kasson                Jiri Kraus              Carsten Kutzner      
        Per Larsson              Justin A. Lemkul            Viveca Lindahl      
      Magnus Lundborg             Erik Marklund               Pascal Merz        
     Pieter Meulenhoff            Teemu Murtola               Szilard Pall       
        Sander Pronk              Roland Schulz              Michael Shirts      
      Alexey Shvetsov             Alfons Sijbers             Peter Tieleman      
        Jon Vincent              Teemu Virolainen          Christian Wennberg    
        Maarten Wolf              Artem Zhmurov       
                           and the project leaders:
        Mark Abraham, Berk Hess, Erik Lindahl, and David van der Spoel

Copyright (c) 1991-2000, University of Groningen, The Netherlands.
Copyright (c) 2001-2019, The GROMACS development team at
Uppsala University, Stockholm University and
the Royal Institute of Technology, Sweden.
check out http://www.gromacs.org for more information.

GROMACS is free software; you can redistribute it and/or modify it
under the terms of the GNU Lesser General Public License
as published by the Free Software Foundation; either version 2.1
of the License, or (at your option) any later version.

GROMACS:      gmx mdrun, version 2022-beta2-dev-20211206-8941591526 (double precision)
Executable:   /home/aland/gromacs/build/reference-double/bin/gmx_d
Data prefix:  /home/aland/gromacs (source tree)
Working dir:  /home/aland/gromacs-regressiontests/complex/position-restraints
Process ID:   1000076
Command line:
  gmx_d mdrun -notunepme

GROMACS version:    2022-beta2-dev-20211206-8941591526
GIT SHA1 hash:      8941591526cd9e33aa89984a2c1252c305efbec8
Precision:          double
Memory model:       64 bit
MPI library:        none
OpenMP support:     disabled
GPU support:        disabled
SIMD instructions:  NONE
CPU FFT library:    fftpack (built-in)
GPU FFT library:    none
RDTSCP usage:       enabled
TNG support:        enabled
Hwloc support:      disabled
Tracing support:    disabled
C compiler:         /usr/bin/gcc-7 GNU 7.5.0
C compiler flags:   -pthread -Wno-unknown-pragmas -Wall -Wno-unused -Wunused-value -Wunused-parameter -Wextra -Wno-sign-compare -Wpointer-arith -Wundef -Wno-missing-field-initializers -O0 -g
C++ compiler:       /usr/bin/g++-7 GNU 7.5.0
C++ compiler flags: -pthread -Wno-unknown-pragmas -Wall -Wextra -Wpointer-arith -Wmissing-declarations -Wundef -Wno-missing-field-initializers -O0 -g


Running on 1 node with total 12 cores, 24 logical cores
Hardware detected:
  CPU info:
    Vendor: AMD
    Brand:  AMD Ryzen 9 3900XT 12-Core Processor           
    Family: 23   Model: 113   Stepping: 0
    Features: aes amd apic avx avx2 clfsh cmov cx8 cx16 f16c fma htt lahf misalignsse mmx msr nonstop_tsc pclmuldq pdpe1gb popcnt pse rdrnd rdtscp sha sse2 sse3 sse4a sse4.1 sse4.2 ssse3
  Hardware topology: Basic
    Sockets, cores, and logical processors:
      Socket  0: [   0  12] [   1  13] [   2  14] [   3  15] [   4  16] [   5  17] [   6  18] [   7  19] [   8  20] [   9  21] [  10  22] [  11  23]

Highest SIMD level supported by all nodes in run: AVX2_256
SIMD instructions selected at compile time:       None
This program was compiled for different hardware than you are running on,
which could influence performance.

++++ PLEASE READ AND CITE THE FOLLOWING REFERENCE ++++
M. J. Abraham, T. Murtola, R. Schulz, S. Páll, J. C. Smith, B. Hess, E.
Lindahl
GROMACS: High performance molecular simulations through multi-level
parallelism from laptops to supercomputers
SoftwareX 1 (2015) pp. 19-25
-------- -------- --- Thank You --- -------- --------


++++ PLEASE READ AND CITE THE FOLLOWING REFERENCE ++++
S. Páll, M. J. Abraham, C. Kutzner, B. Hess, E. Lindahl
Tackling Exascale Software Challenges in Molecular Dynamics Simulations with
GROMACS
In S. Markidis & E. Laure (Eds.), Solving Software Challenges for Exascale 8759 (2015) pp. 3-27
-------- -------- --- Thank You --- -------- --------


++++ PLEASE READ AND CITE THE FOLLOWING REFERENCE ++++
S. Pronk, S. Páll, R. Schulz, P. Larsson, P. Bjelkmar, R. Apostolov, M. R.
Shirts, J. C. Smith, P. M. Kasson, D. van der Spoel, B. Hess, and E. Lindahl
GROMACS 4.5: a high-throughput and highly parallel open source molecular
simulation toolkit
Bioinformatics 29 (2013) pp. 845-54
-------- -------- --- Thank You --- -------- --------


++++ PLEASE READ AND CITE THE FOLLOWING REFERENCE ++++
B. Hess and C. Kutzner and D. van der Spoel and E. Lindahl
GROMACS 4: Algorithms for highly efficient, load-balanced, and scalable
molecular simulation
J. Chem. Theory Comput. 4 (2008) pp. 435-447
-------- -------- --- Thank You --- -------- --------


++++ PLEASE READ AND CITE THE FOLLOWING REFERENCE ++++
D. van der Spoel, E. Lindahl, B. Hess, G. Groenhof, A. E. Mark and H. J. C.
Berendsen
GROMACS: Fast, Flexible and Free
J. Comp. Chem. 26 (2005) pp. 1701-1719
-------- -------- --- Thank You --- -------- --------


++++ PLEASE READ AND CITE THE FOLLOWING REFERENCE ++++
E. Lindahl and B. Hess and D. van der Spoel
GROMACS 3.0: A package for molecular simulation and trajectory analysis
J. Mol. Mod. 7 (2001) pp. 306-317
-------- -------- --- Thank You --- -------- --------


++++ PLEASE READ AND CITE THE FOLLOWING REFERENCE ++++
H. J. C. Berendsen, D. van der Spoel and R. van Drunen
GROMACS: A message-passing parallel molecular dynamics implementation
Comp. Phys. Comm. 91 (1995) pp. 43-56
-------- -------- --- Thank You --- -------- --------

Input Parameters:
   integrator                     = md
   tinit                          = 0
   dt                             = 0.002
   nsteps                         = 10
   init-step                      = 0
   simulation-part                = 1
   mts                            = false
   comm-mode                      = None
   nstcomm                        = 0
   bd-fric                        = 0
   ld-seed                        = 1993
   emtol                          = 20
   emstep                         = 0.01
   niter                          = 20
   fcstep                         = 0
   nstcgsteep                     = 200
   nbfgscorr                      = 10
   rtpi                           = 0.05
   nstxout                        = 10
   nstvout                        = 10
   nstfout                        = 10
   nstlog                         = 0
   nstcalcenergy                  = 10
   nstenergy                      = 10
   nstxout-compressed             = 0
   compressed-x-precision         = 1000
   cutoff-scheme                  = Verlet
   nstlist                        = 10
   pbc                            = xyz
   periodic-molecules             = false
   verlet-buffer-tolerance        = 0.001
   rlist                          = 1.064
   coulombtype                    = Cut-off
   coulomb-modifier               = Potential-shift
   rcoulomb-switch                = 0
   rcoulomb                       = 1
   epsilon-r                      = 1
   epsilon-rf                     = 1
   vdw-type                       = Cut-off
   vdw-modifier                   = Potential-shift
   rvdw-switch                    = 0
   rvdw                           = 1
   DispCorr                       = No
   table-extension                = 1
   fourierspacing                 = 0.12
   fourier-nx                     = 0
   fourier-ny                     = 0
   fourier-nz                     = 0
   pme-order                      = 4
   ewald-rtol                     = 1e-05
   ewald-rtol-lj                  = 0.001
   lj-pme-comb-rule               = Geometric
   ewald-geometry                 = 3d
   epsilon-surface                = 0
   tcoupl                         = V-rescale
   nsttcouple                     = 10
   nh-chain-length                = 0
   print-nose-hoover-chain-variables = false
   pcoupl                         = No
   pcoupltype                     = Isotropic
   nstpcouple                     = -1
   tau-p                          = 1
   compressibility (3x3):
      compressibility[    0]={ 0.00000e+00,  0.00000e+00,  0.00000e+00}
      compressibility[    1]={ 0.00000e+00,  0.00000e+00,  0.00000e+00}
      compressibility[    2]={ 0.00000e+00,  0.00000e+00,  0.00000e+00}
   ref-p (3x3):
      ref-p[    0]={ 0.00000e+00,  0.00000e+00,  0.00000e+00}
      ref-p[    1]={ 0.00000e+00,  0.00000e+00,  0.00000e+00}
      ref-p[    2]={ 0.00000e+00,  0.00000e+00,  0.00000e+00}
   refcoord-scaling               = No
   posres-com (3):
      posres-com[0]= 0.00000e+00
      posres-com[1]= 0.00000e+00
      posres-com[2]= 0.00000e+00
   posres-comB (3):
      posres-comB[0]= 0.00000e+00
      posres-comB[1]= 0.00000e+00
      posres-comB[2]= 0.00000e+00
   QMMM                           = false
qm-opts:
   ngQM                           = 0
   constraint-algorithm           = Lincs
   continuation                   = false
   Shake-SOR                      = false
   shake-tol                      = 0.0001
   lincs-order                    = 3
   lincs-iter                     = 2
   lincs-warnangle                = 30
   nwall                          = 0
   wall-type                      = 9-3
   wall-r-linpot                  = -1
   wall-atomtype[0]               = -1
   wall-atomtype[1]               = -1
   wall-density[0]                = 0
   wall-density[1]                = 0
   wall-ewald-zfac                = 3
   pull                           = false
   awh                            = false
   rotation                       = false
   interactiveMD                  = false
   disre                          = No
   disre-weighting                = Equal
   disre-mixed                    = false
   dr-fc                          = 200
   dr-tau                         = 0
   nstdisreout                    = 20
   orire-fc                       = 0
   orire-tau                      = 0
   nstorireout                    = 20
   free-energy                    = no
   cos-acceleration               = 0
   deform (3x3):
      deform[    0]={ 0.00000e+00,  0.00000e+00,  0.00000e+00}
      deform[    1]={ 0.00000e+00,  0.00000e+00,  0.00000e+00}
      deform[    2]={ 0.00000e+00,  0.00000e+00,  0.00000e+00}
   simulated-tempering            = false
   swapcoords                     = no
   userint1                       = 0
   userint2                       = 0
   userint3                       = 0
   userint4                       = 0
   userreal1                      = 0
   userreal2                      = 0
   userreal3                      = 0
   userreal4                      = 0
   applied-forces:
     electric-field:
       x:
         E0                       = 0
         omega                    = 0
         t0                       = 0
         sigma                    = 0
       y:
         E0                       = 0
         omega                    = 0
         t0                       = 0
         sigma                    = 0
       z:
         E0                       = 0
         omega                    = 0
         t0                       = 0
         sigma                    = 0
     density-guided-simulation:
       active                     = false
       group                      = protein
       similarity-measure         = inner-product
       atom-spreading-weight      = unity
       force-constant             = 1e+09
       gaussian-transform-spreading-width = 0.2
       gaussian-transform-spreading-range-in-multiples-of-width = 4
       reference-density-filename = reference.mrc
       nst                        = 1
       normalize-densities        = true
       adaptive-force-scaling     = false
       adaptive-force-scaling-time-constant = 4
       shift-vector               = 
       transformation-matrix      = 
     qmmm-cp2k:
       active                     = false
       qmgroup                    = System
       qmmethod                   = PBE
       qmfilenames                = 
       qmcharge                   = 0
       qmmultiplicity             = 1
grpopts:
   nrdf:        2537
   ref-t:         300
   tau-t:         0.1
annealing:          No
annealing-npoints:           0
   acc:	           0           0           0
   nfreeze:           N           N           N
   energygrp-flags[  0]: 0

Changing nstlist from 10 to 25, rlist from 1.064 to 1.191

When checking whether update groups are usable:
  Domain decomposition is not active, so there is no need for update groups

NOTE: GROMACS was compiled without OpenMP and (thread-)MPI support, can only use a single CPU core

Pinning threads with an auto-selected logical core stride of 2
System total charge: 0.000
Potential shift: LJ r^-12: -1.000e+00 r^-6: -1.000e+00, Coulomb -1e+00
Generated table with 4382 data points for 1-4 COUL.
Tabscale = 2000 points/nm
Generated table with 4382 data points for 1-4 LJ6.
Tabscale = 2000 points/nm
Generated table with 4382 data points for 1-4 LJ12.
Tabscale = 2000 points/nm


Using plain C 4x4 nonbonded short-range kernels

WARNING: Using the slow plain C kernels. This should
not happen during routine usage on supported platforms.

Using a dual 4x4 pair-list setup updated with dynamic pruning:
  outer list: updated every 25 steps, buffer 0.191 nm, rlist 1.191 nm
  inner list: updated every  4 steps, buffer 0.017 nm, rlist 1.017 nm
At tolerance 0.001 kJ/mol/ps per atom, equivalent classical 1x1 list would be:
  outer list: updated every 25 steps, buffer 0.238 nm, rlist 1.238 nm
  inner list: updated every  4 steps, buffer 0.023 nm, rlist 1.023 nm

Using Lorentz-Berthelot Lennard-Jones combination rule
Removing pbc first time

Initializing LINear Constraint Solver

++++ PLEASE READ AND CITE THE FOLLOWING REFERENCE ++++
B. Hess and H. Bekker and H. J. C. Berendsen and J. G. E. M. Fraaije
LINCS: A Linear Constraint Solver for molecular simulations
J. Comp. Chem. 18 (1997) pp. 1463-1472
-------- -------- --- Thank You --- -------- --------

The number of constraints is 484

++++ PLEASE READ AND CITE THE FOLLOWING REFERENCE ++++
G. Bussi, D. Donadio and M. Parrinello
Canonical sampling through velocity rescaling
J. Chem. Phys. 126 (2007) pp. 014101
-------- -------- --- Thank You --- -------- --------

There are: 1007 Atoms

Constraining the starting coordinates (step 0)

Constraining the coordinates at t0-dt (step 0)
RMS relative constraint deviation after constraining: 0.00e+00
Initial temperature: 305.424 K

Started mdrun on rank 0 Mon Dec  6 15:03:15 2021

           Step           Time
              0        0.00000

   Energies (kJ/mol)
           Bond            U-B    Proper Dih.  Improper Dih.      CMAP Dih.
    8.49569e+02    2.38782e+03    1.86323e+03    1.57600e+02   -3.65167e+02
          LJ-14     Coulomb-14        LJ (SR)   Coulomb (SR) Position Rest.
    9.32331e+02    1.40818e+04   -1.09260e+03   -2.00354e+04    5.96567e-05
      Potential    Kinetic En.   Total Energy  Conserved En.    Temperature
   -1.22082e+03    3.19570e+03    1.97487e+03    1.97487e+03    3.02999e+02
 Pressure (bar)   Constr. rmsd
   -2.27242e+01    0.00000e+00

           Step           Time
             10        0.02000

Writing checkpoint, step 10 at Mon Dec  6 15:03:15 2021


   Energies (kJ/mol)
           Bond            U-B    Proper Dih.  Improper Dih.      CMAP Dih.
    9.61629e+02    2.30425e+03    1.85531e+03    1.53615e+02   -3.93698e+02
          LJ-14     Coulomb-14        LJ (SR)   Coulomb (SR) Position Rest.
    8.96727e+02    1.41035e+04   -1.12918e+03   -1.99797e+04    9.29508e+00
      Potential    Kinetic En.   Total Energy  Conserved En.    Temperature
   -1.21826e+03    3.21756e+03    1.99930e+03    1.96849e+03    3.05072e+02
 Pressure (bar)   Constr. rmsd
    1.76168e+01    0.00000e+00


Energy conservation over simulation part #1 of length 0.02 ns, time 0 to 0.02 ns
  Conserved energy drift: -3.17e-01 kJ/mol/ps per atom


	<======  ###############  ==>
	<====  A V E R A G E S  ====>
	<==  ###############  ======>

	Statistics over 11 steps using 2 frames

   Energies (kJ/mol)
           Bond            U-B    Proper Dih.  Improper Dih.      CMAP Dih.
    9.05599e+02    2.34603e+03    1.85927e+03    1.55607e+02   -3.79433e+02
          LJ-14     Coulomb-14        LJ (SR)   Coulomb (SR) Position Rest.
    9.14529e+02    1.40927e+04   -1.11089e+03   -2.00076e+04    4.64757e+00
      Potential    Kinetic En.   Total Energy  Conserved En.    Temperature
   -1.21954e+03    3.20663e+03    1.98709e+03    1.97168e+03    3.04035e+02
 Pressure (bar)   Constr. rmsd
   -2.55374e+00    0.00000e+00

   Total Virial (kJ/mol)
    7.86190e+02   -1.29753e+01   -6.05246e+01
   -1.29753e+01    1.45960e+03    4.75859e+01
   -6.05246e+01    4.75859e+01    1.03884e+03

   Pressure (bar)
    2.64332e+01    3.27446e+00    5.66354e+00
    3.27446e+00   -3.96373e+01   -6.96109e+00
    5.66354e+00   -6.96109e+00    5.54283e+00


	M E G A - F L O P S   A C C O U N T I N G

 NB=Group-cutoff nonbonded kernels    NxN=N-by-N cluster Verlet kernels
 RF=Reaction-Field  VdW=Van der Waals  QSTab=quadratic-spline table
 W3=SPC/TIP3p  W4=TIP4p (single or pairs)
 V&F=Potential and force  V=Potential only  F=Force only

 Computing:                               M-Number         M-Flops  % Flops
-----------------------------------------------------------------------------
 Pair Search distance check               0.066798           0.601     0.4
 NxN RF Elec. + LJ [F]                    2.361456          89.735    66.5
 NxN RF Elec. + LJ [V&F]                  0.524768          28.337    21.0
 NxN RF Electrostatics [F]                0.029376           0.911     0.7
 NxN RF Electrostatics [V&F]              0.006528           0.235     0.2
 1,4 nonbonded interactions               0.029183           2.626     1.9
 Shift-X                                  0.001007           0.006     0.0
 Bonds                                    0.006017           0.355     0.3
 Propers                                  0.025916           5.935     4.4
 Impropers                                0.001870           0.389     0.3
 Pos. Restr.                              0.002112           0.106     0.1
 Virial                                   0.002104           0.038     0.0
 Calc-Ekin                                0.006042           0.163     0.1
 Lincs                                    0.006292           0.378     0.3
 Lincs-Mat                                0.024050           0.096     0.1
 Constraint-V                             0.011616           0.105     0.1
 Constraint-Vir                           0.000968           0.023     0.0
 CMAP                                     0.000682           1.159     0.9
 Urey-Bradley                             0.020405           3.734     2.8
-----------------------------------------------------------------------------
 Total                                                     134.933   100.0
-----------------------------------------------------------------------------


     R E A L   C Y C L E   A N D   T I M E   A C C O U N T I N G

On 1 MPI rank

 Computing:          Num   Num      Call    Wall time         Giga-Cycles
                     Ranks Threads  Count      (s)         total sum    %
-----------------------------------------------------------------------------
 Neighbor search        1    1          1       0.008          0.030   3.9
 Force                  1    1         11       0.148          0.560  73.1
 NB X/F buffer ops.     1    1         21       0.000          0.001   0.1
 Write traj.            1    1          2       0.033          0.125  16.3
 Update                 1    1         11       0.001          0.003   0.4
 Constraints            1    1         13       0.012          0.044   5.7
 Rest                                           0.001          0.003   0.4
-----------------------------------------------------------------------------
 Total                                          0.202          0.766 100.0
-----------------------------------------------------------------------------

               Core t (s)   Wall t (s)        (%)
       Time:        0.202        0.202       99.8
                 (ns/day)    (hour/ns)
Performance:        9.415        2.549
Finished mdrun on rank 0 Mon Dec  6 15:03:15 2021

