     :-) GROMACS - gmx mdrun, 2022-beta1-dev-20211204-782851cce7-dirty (-:

                            GROMACS is written by:
     Andrey Alekseenko              Emile Apol              Rossen Apostolov     
         Paul Bauer           Herman J.C. Berendsen           Par Bjelkmar       
       Christian Blau           Viacheslav Bolnykh             Kevin Boyd        
     Aldert van Buuren           Rudi van Drunen             Anton Feenstra      
      Oliver Fleetwood             Gaurav Garg            Gilles Gouaillardet    
         Alan Gray               Gerrit Groenhof             Anca Hamuraru       
     Vincent Hindriksen          M. Eric Irrgang            Aleksei Iupinov      
     Christoph Junghans             Joe Jordan            Dimitrios Karkoulis    
        Peter Kasson                Jiri Kraus              Carsten Kutzner      
        Per Larsson              Justin A. Lemkul            Viveca Lindahl      
      Magnus Lundborg             Erik Marklund               Pascal Merz        
     Pieter Meulenhoff            Teemu Murtola               Szilard Pall       
        Sander Pronk              Roland Schulz              Michael Shirts      
      Alexey Shvetsov             Alfons Sijbers             Peter Tieleman      
        Jon Vincent              Teemu Virolainen          Christian Wennberg    
        Maarten Wolf              Artem Zhmurov       
                           and the project leaders:
        Mark Abraham, Berk Hess, Erik Lindahl, and David van der Spoel

Copyright (c) 1991-2000, University of Groningen, The Netherlands.
Copyright (c) 2001-2019, The GROMACS development team at
Uppsala University, Stockholm University and
the Royal Institute of Technology, Sweden.
check out http://www.gromacs.org for more information.

GROMACS is free software; you can redistribute it and/or modify it
under the terms of the GNU Lesser General Public License
as published by the Free Software Foundation; either version 2.1
of the License, or (at your option) any later version.

GROMACS:      gmx mdrun, version 2022-beta1-dev-20211204-782851cce7-dirty
Executable:   /home/mabraham/git/features/build-cmake-gcc-reference/install/bin/gmx
Data prefix:  /home/mabraham/git/features/build-cmake-gcc-reference/install
Working dir:  /home/mabraham/git/regressiontests/complex/awh_multibias
Process ID:   571442
Command line:
  gmx mdrun -notunepme -cpi /home/mabraham/git/regressiontests/complex/awh_multibias/continue -noappend

GROMACS version:    2022-beta1-dev-20211204-782851cce7-dirty
GIT SHA1 hash:      782851cce7b62d248e59b5be10838a76018ff35c (dirty)
Branched from:      88b93e6518723461ba9d188d2830b0050711ec84 (1 newer local commits)
Precision:          mixed
Memory model:       64 bit
MPI library:        none
OpenMP support:     disabled
GPU support:        disabled
SIMD instructions:  NONE
CPU FFT library:    fftpack (built-in)
GPU FFT library:    none
RDTSCP usage:       enabled
TNG support:        enabled
Hwloc support:      hwloc-2.1.0
Tracing support:    disabled
C compiler:         /usr/bin/gcc-7 GNU 7.5.0
C compiler flags:   -pthread -Wno-unknown-pragmas -Wall -Wno-unused -Wunused-value -Wunused-parameter -Wextra -Wno-sign-compare -Wpointer-arith -Wundef -Wno-missing-field-initializers -O0 -g
C++ compiler:       /usr/bin/g++-7 GNU 7.5.0
C++ compiler flags: -pthread -Wno-unknown-pragmas -Wall -Wextra -Wpointer-arith -Wmissing-declarations -Wundef -Wno-missing-field-initializers -O0 -g


Running on 1 node with total 2 cores, 4 logical cores
Hardware detected:
  CPU info:
    Vendor: Intel
    Brand:  Intel(R) Core(TM) i7-7500U CPU @ 2.70GHz
    Family: 6   Model: 142   Stepping: 9
    Features: aes apic avx avx2 clfsh cmov cx8 cx16 f16c fma htt intel lahf mmx msr nonstop_tsc pcid pclmuldq pdcm pdpe1gb popcnt pse rdrnd rdtscp sse2 sse3 sse4.1 sse4.2 ssse3 tdt x2apic
  Hardware topology: Full, with devices
    Sockets, cores, and logical processors:
      Socket  0: [   0   2] [   1   3]
    Numa nodes:
      Node  0 (8062824448 bytes mem):   0   2   1   3
      Latency:
               0
         0  1.00
    Caches:
      L1: 32768 bytes, linesize 64 bytes, assoc. 8, shared 2 ways
      L2: 262144 bytes, linesize 64 bytes, assoc. 4, shared 2 ways
      L3: 4194304 bytes, linesize 64 bytes, assoc. 16, shared 4 ways
    PCI devices:
      0000:00:02.0  Id: 8086:5916  Class: 0x0300  Numa: 0
      0000:3a:00.0  Id: 168c:003e  Class: 0x0280  Numa: 0
      0000:3c:00.0  Id: 1c5c:1283  Class: 0x0108  Numa: 0

Highest SIMD level supported by all nodes in run: AVX2_256
SIMD instructions selected at compile time:       None
This program was compiled for different hardware than you are running on,
which could influence performance.

++++ PLEASE READ AND CITE THE FOLLOWING REFERENCE ++++
M. J. Abraham, T. Murtola, R. Schulz, S. Páll, J. C. Smith, B. Hess, E.
Lindahl
GROMACS: High performance molecular simulations through multi-level
parallelism from laptops to supercomputers
SoftwareX 1 (2015) pp. 19-25
-------- -------- --- Thank You --- -------- --------


++++ PLEASE READ AND CITE THE FOLLOWING REFERENCE ++++
S. Páll, M. J. Abraham, C. Kutzner, B. Hess, E. Lindahl
Tackling Exascale Software Challenges in Molecular Dynamics Simulations with
GROMACS
In S. Markidis & E. Laure (Eds.), Solving Software Challenges for Exascale 8759 (2015) pp. 3-27
-------- -------- --- Thank You --- -------- --------


++++ PLEASE READ AND CITE THE FOLLOWING REFERENCE ++++
S. Pronk, S. Páll, R. Schulz, P. Larsson, P. Bjelkmar, R. Apostolov, M. R.
Shirts, J. C. Smith, P. M. Kasson, D. van der Spoel, B. Hess, and E. Lindahl
GROMACS 4.5: a high-throughput and highly parallel open source molecular
simulation toolkit
Bioinformatics 29 (2013) pp. 845-54
-------- -------- --- Thank You --- -------- --------


++++ PLEASE READ AND CITE THE FOLLOWING REFERENCE ++++
B. Hess and C. Kutzner and D. van der Spoel and E. Lindahl
GROMACS 4: Algorithms for highly efficient, load-balanced, and scalable
molecular simulation
J. Chem. Theory Comput. 4 (2008) pp. 435-447
-------- -------- --- Thank You --- -------- --------


++++ PLEASE READ AND CITE THE FOLLOWING REFERENCE ++++
D. van der Spoel, E. Lindahl, B. Hess, G. Groenhof, A. E. Mark and H. J. C.
Berendsen
GROMACS: Fast, Flexible and Free
J. Comp. Chem. 26 (2005) pp. 1701-1719
-------- -------- --- Thank You --- -------- --------


++++ PLEASE READ AND CITE THE FOLLOWING REFERENCE ++++
E. Lindahl and B. Hess and D. van der Spoel
GROMACS 3.0: A package for molecular simulation and trajectory analysis
J. Mol. Mod. 7 (2001) pp. 306-317
-------- -------- --- Thank You --- -------- --------


++++ PLEASE READ AND CITE THE FOLLOWING REFERENCE ++++
H. J. C. Berendsen, D. van der Spoel and R. van Drunen
GROMACS: A message-passing parallel molecular dynamics implementation
Comp. Phys. Comm. 91 (1995) pp. 43-56
-------- -------- --- Thank You --- -------- --------

Input Parameters:
   integrator                     = md
   tinit                          = 0
   dt                             = 0.002
   nsteps                         = 50
   init-step                      = 0
   simulation-part                = 1
   mts                            = false
   comm-mode                      = Linear
   nstcomm                        = 10
   bd-fric                        = 0
   ld-seed                        = 1993
   emtol                          = 10
   emstep                         = 0.01
   niter                          = 20
   fcstep                         = 0
   nstcgsteep                     = 1000
   nbfgscorr                      = 10
   rtpi                           = 0.05
   nstxout                        = 10
   nstvout                        = 10
   nstfout                        = 10
   nstlog                         = 0
   nstcalcenergy                  = 1
   nstenergy                      = 10
   nstxout-compressed             = 0
   compressed-x-precision         = 1000
   cutoff-scheme                  = Verlet
   nstlist                        = 10
   pbc                            = xyz
   periodic-molecules             = false
   verlet-buffer-tolerance        = 0.005
   rlist                          = 1
   coulombtype                    = Reaction-Field
   coulomb-modifier               = Potential-shift
   rcoulomb-switch                = 0
   rcoulomb                       = 1
   epsilon-r                      = 1
   epsilon-rf                     = inf
   vdw-type                       = Cut-off
   vdw-modifier                   = Potential-shift
   rvdw-switch                    = 0
   rvdw                           = 1
   DispCorr                       = No
   table-extension                = 1
   fourierspacing                 = 0.13
   fourier-nx                     = 0
   fourier-ny                     = 0
   fourier-nz                     = 0
   pme-order                      = 4
   ewald-rtol                     = 1e-06
   ewald-rtol-lj                  = 0.001
   lj-pme-comb-rule               = Geometric
   ewald-geometry                 = 3d
   epsilon-surface                = 0
   tcoupl                         = V-rescale
   nsttcouple                     = 10
   nh-chain-length                = 0
   print-nose-hoover-chain-variables = false
   pcoupl                         = No
   pcoupltype                     = Isotropic
   nstpcouple                     = -1
   tau-p                          = 1
   compressibility (3x3):
      compressibility[    0]={ 0.00000e+00,  0.00000e+00,  0.00000e+00}
      compressibility[    1]={ 0.00000e+00,  0.00000e+00,  0.00000e+00}
      compressibility[    2]={ 0.00000e+00,  0.00000e+00,  0.00000e+00}
   ref-p (3x3):
      ref-p[    0]={ 0.00000e+00,  0.00000e+00,  0.00000e+00}
      ref-p[    1]={ 0.00000e+00,  0.00000e+00,  0.00000e+00}
      ref-p[    2]={ 0.00000e+00,  0.00000e+00,  0.00000e+00}
   refcoord-scaling               = No
   posres-com (3):
      posres-com[0]= 0.00000e+00
      posres-com[1]= 0.00000e+00
      posres-com[2]= 0.00000e+00
   posres-comB (3):
      posres-comB[0]= 0.00000e+00
      posres-comB[1]= 0.00000e+00
      posres-comB[2]= 0.00000e+00
   QMMM                           = false
qm-opts:
   ngQM                           = 0
   constraint-algorithm           = Lincs
   continuation                   = false
   Shake-SOR                      = false
   shake-tol                      = 0.0001
   lincs-order                    = 4
   lincs-iter                     = 1
   lincs-warnangle                = 30
   nwall                          = 0
   wall-type                      = 9-3
   wall-r-linpot                  = -1
   wall-atomtype[0]               = -1
   wall-atomtype[1]               = -1
   wall-density[0]                = 0
   wall-density[1]                = 0
   wall-ewald-zfac                = 3
   pull                           = true
   pull-cylinder-r                = 1.5
   pull-constr-tol                = 1e-06
   pull-print-COM                 = false
   pull-print-ref-value           = false
   pull-print-components          = false
   pull-nstxout                   = 50
   pull-nstfout                   = 50
   pull-pbc-ref-prev-step-com     = false
   pull-xout-average              = false
   pull-fout-average              = false
   pull-ngroups                   = 6
   pull-group 0:
     atom: not available
     weight: not available
     pbcatom                        = -1
   pull-group 1:
     atom (1):
        atom[0]=4
     weight: not available
     pbcatom                        = -1
   pull-group 2:
     atom (1):
        atom[0]=6
     weight: not available
     pbcatom                        = -1
   pull-group 3:
     atom (1):
        atom[0]=8
     weight: not available
     pbcatom                        = -1
   pull-group 4:
     atom (1):
        atom[0]=14
     weight: not available
     pbcatom                        = -1
   pull-group 5:
     atom (1):
        atom[0]=16
     weight: not available
     pbcatom                        = -1
   pull-ncoords                   = 2
   pull-coord 0:
   type                           = external-potential
   potential-provider             = awh
   geometry                       = dihedral
   group[0]                       = 1
   group[1]                       = 2
   group[2]                       = 2
   group[3]                       = 3
   group[4]                       = 3
   group[5]                       = 4
   dim (3):
      dim[0]=1
      dim[1]=1
      dim[2]=1
   origin (3):
      origin[0]= 0.00000e+00
      origin[1]= 0.00000e+00
      origin[2]= 0.00000e+00
   vec (3):
      vec[0]= 0.00000e+00
      vec[1]= 0.00000e+00
      vec[2]= 0.00000e+00
   start                          = false
   init                           = 0
   rate                           = 0
   k                              = 4000
   kB                             = 1000
   pull-coord 1:
   type                           = external-potential
   potential-provider             = awh
   geometry                       = dihedral
   group[0]                       = 2
   group[1]                       = 3
   group[2]                       = 3
   group[3]                       = 4
   group[4]                       = 4
   group[5]                       = 5
   dim (3):
      dim[0]=1
      dim[1]=1
      dim[2]=1
   origin (3):
      origin[0]= 0.00000e+00
      origin[1]= 0.00000e+00
      origin[2]= 0.00000e+00
   vec (3):
      vec[0]= 0.00000e+00
      vec[1]= 0.00000e+00
      vec[2]= 0.00000e+00
   start                          = false
   init                           = 0
   rate                           = 0
   k                              = 4000
   kB                             = 1000
   awh                            = true
   awh-potential                  = convolved
   awh-seed                       = 955431239
   awh-nstout                     = 10
   awh-nstsample                  = 10
   awh-nsamples-update            = 1
   awh-share-bias-multisim        = false
   awh-nbias                      = 2
   awh1-error-init                = 10
   awh1-growth                    = exp-linear
   awh1-target                    = constant
   awh1-target-beta-scalng        = 0
   awh1-target-cutoff             = 0
   awh1-user-data                 = false
   awh1-share-group               = 0
   awh1-equilibrate-histogram     = false
   awh1-ndim                      = 1
   awh1-dim1:
    coord-provider                 = pull
    coord-index                    = 2
    start                          = 150
    end                            = 180
    period                         = 360
    force-constant                 = 4000
    diffusion                      = 0.1
    cover-diameter                 = 0
   awh2-error-init                = 10
   awh2-growth                    = exp-linear
   awh2-target                    = constant
   awh2-target-beta-scalng        = 0
   awh2-target-cutoff             = 0
   awh2-user-data                 = false
   awh2-share-group               = 0
   awh2-equilibrate-histogram     = false
   awh2-ndim                      = 1
   awh2-dim1:
    coord-provider                 = pull
    coord-index                    = 1
    start                          = 178
    end                            = -178
    period                         = 360
    force-constant                 = 4000
    diffusion                      = 0.1
    cover-diameter                 = 0
   rotation                       = false
   interactiveMD                  = false
   disre                          = No
   disre-weighting                = Conservative
   disre-mixed                    = false
   dr-fc                          = 1000
   dr-tau                         = 0
   nstdisreout                    = 100
   orire-fc                       = 0
   orire-tau                      = 0
   nstorireout                    = 100
   free-energy                    = no
   cos-acceleration               = 0
   deform (3x3):
      deform[    0]={ 0.00000e+00,  0.00000e+00,  0.00000e+00}
      deform[    1]={ 0.00000e+00,  0.00000e+00,  0.00000e+00}
      deform[    2]={ 0.00000e+00,  0.00000e+00,  0.00000e+00}
   simulated-tempering            = false
   swapcoords                     = no
   userint1                       = 0
   userint2                       = 0
   userint3                       = 0
   userint4                       = 0
   userreal1                      = 0
   userreal2                      = 0
   userreal3                      = 0
   userreal4                      = 0
   applied-forces:
     electric-field:
       x:
         E0                       = 0
         omega                    = 0
         t0                       = 0
         sigma                    = 0
       y:
         E0                       = 0
         omega                    = 0
         t0                       = 0
         sigma                    = 0
       z:
         E0                       = 0
         omega                    = 0
         t0                       = 0
         sigma                    = 0
     density-guided-simulation:
       active                     = false
       group                      = protein
       similarity-measure         = inner-product
       atom-spreading-weight      = unity
       force-constant             = 1e+09
       gaussian-transform-spreading-width = 0.2
       gaussian-transform-spreading-range-in-multiples-of-width = 4
       reference-density-filename = reference.mrc
       nst                        = 1
       normalize-densities        = true
       adaptive-force-scaling     = false
       adaptive-force-scaling-time-constant = 4
       shift-vector               = 
       transformation-matrix      = 
     qmmm-cp2k:
       active                     = false
       qmgroup                    = System
       qmmethod                   = PBE
       qmfilenames                = 
       qmcharge                   = 0
       qmmultiplicity             = 1
grpopts:
   nrdf:          51
   ref-t:         300
   tau-t:         0.5
annealing:          No
annealing-npoints:           0
   acc:	           0           0           0
   nfreeze:           N           N           N
   energygrp-flags[  0]: 0


Reading checkpoint file /home/mabraham/git/regressiontests/complex/awh_multibias/continue.cpt
  file generated by:     /home/mabraham/git/features/build-cmake-gcc-reference/install/bin/gmx
  file generated at:     Sat Dec  4 16:53:18 2021

  GROMACS double prec.:  0
  simulation part #:     1
  step:                  20
  time:                  0.040000

Changing nstlist from 10 to 100, rlist from 1 to 1.198

When checking whether update groups are usable:
  Domain decomposition is not active, so there is no need for update groups

NOTE: GROMACS was compiled without OpenMP and (thread-)MPI support, can only use a single CPU core

Pinning threads with an auto-selected logical core stride of 2
System total charge: -0.000
Reaction-Field:
epsRF = 0, rc = 1, krf = 0.5, crf = 1.5, epsfac = 138.935
The electrostatics potential has its minimum at r = 1
Potential shift: LJ r^-12: -1.000e+00 r^-6: -1.000e+00
Generated table with 1099 data points for 1-4 COUL.
Tabscale = 500 points/nm
Generated table with 1099 data points for 1-4 LJ6.
Tabscale = 500 points/nm
Generated table with 1099 data points for 1-4 LJ12.
Tabscale = 500 points/nm


Using plain C 4x4 nonbonded short-range kernels

WARNING: Using the slow plain C kernels. This should
not happen during routine usage on supported platforms.

Using a dual 4x4 pair-list setup updated with dynamic pruning:
  outer list: updated every 100 steps, buffer 0.198 nm, rlist 1.198 nm
  inner list: updated every  15 steps, buffer 0.001 nm, rlist 1.001 nm
At tolerance 0.005 kJ/mol/ps per atom, equivalent classical 1x1 list would be:
  outer list: updated every 100 steps, buffer 0.279 nm, rlist 1.279 nm
  inner list: updated every  15 steps, buffer 0.025 nm, rlist 1.025 nm

Using Lorentz-Berthelot Lennard-Jones combination rule

Will apply potential COM pulling
with 2 pull coordinates and 5 groups
Pull group 1:     1 atoms, mass    12.010
Pull group 2:     1 atoms, mass    14.010
Pull group 3:     1 atoms, mass    12.010
Pull group 4:     1 atoms, mass    12.010
Pull group 5:     1 atoms, mass    14.010

Initializing LINear Constraint Solver

++++ PLEASE READ AND CITE THE FOLLOWING REFERENCE ++++
B. Hess and H. Bekker and H. J. C. Berendsen and J. G. E. M. Fraaije
LINCS: A Linear Constraint Solver for molecular simulations
J. Comp. Chem. 18 (1997) pp. 1463-1472
-------- -------- --- Thank You --- -------- --------

The number of constraints is 12

++++ PLEASE READ AND CITE THE FOLLOWING REFERENCE ++++
G. Bussi, D. Donadio and M. Parrinello
Canonical sampling through velocity rescaling
J. Chem. Phys. 126 (2007) pp. 014101
-------- -------- --- Thank You --- -------- --------

There are: 22 Atoms

++++ PLEASE READ AND CITE THE FOLLOWING REFERENCE ++++
V. Lindahl, J. Lidmar, B. Hess
Accelerated weight histogram method for exploring free energy landscapes
J. Chem. Phys. 141 (2014) pp. 044110
-------- -------- --- Thank You --- -------- --------


awh1: initial force correlation block length = 0.02 ps
awh1: force correlation number of blocks = 64
awh2: initial force correlation block length = 0.02 ps
awh2: force correlation number of blocks = 64Center of mass motion removal mode is Linear
We have the following groups for center of mass motion removal:
  0:  System

Started mdrun on rank 0 Sat Dec  4 17:01:02 2021


awh2: covering at t = 0.08 ps. Decreased the update size.
           Step           Time
             50        0.10000

Writing checkpoint, step 50 at Sat Dec  4 17:01:02 2021


   Energies (kJ/mol)
           Bond          Angle    Proper Dih.  Improper Dih.          LJ-14
    4.70082e+00    2.97529e+01    4.57971e+01    1.47912e+00    1.80157e+01
     Coulomb-14        LJ (SR)   Coulomb (SR)   COM Pull En.      Potential
    2.08555e+02   -3.82761e+00   -3.43209e+02   -9.13462e+00   -4.78702e+01
    Kinetic En.   Total Energy  Conserved En.    Temperature Pressure (bar)
    4.67916e+01   -1.07864e+00   -9.75689e+00    2.20696e+02    4.49978e+01
   Constr. rmsd
    0.00000e+00


Energy conservation over simulation part #2 of length 0.06 ns, time 0.04 to 0.1 ns
  Conserved energy drift: -2.02e+00 kJ/mol/ps per atom


	<======  ###############  ==>
	<====  A V E R A G E S  ====>
	<==  ###############  ======>

	Statistics over 31 steps using 31 frames

   Energies (kJ/mol)
           Bond          Angle    Proper Dih.  Improper Dih.          LJ-14
    8.66713e+00    2.44840e+01    4.59672e+01    4.89707e+00    1.49993e+01
     Coulomb-14        LJ (SR)   Coulomb (SR)   COM Pull En.      Potential
    1.92294e+02   -4.21441e+00   -3.26818e+02   -5.50201e+00   -4.52250e+01
    Kinetic En.   Total Energy  Conserved En.    Temperature Pressure (bar)
    4.09153e+01   -4.30967e+00   -1.10741e+01    1.92980e+02   -4.41610e+01
   Constr. rmsd
    0.00000e+00

   Total Virial (kJ/mol)
    2.87289e+01    2.96631e+01    2.63846e+01
    2.96631e+01    9.31069e+01    3.16428e+01
    2.63847e+01    3.16428e+01    2.67866e+01

   Pressure (bar)
   -1.51427e+01   -3.93152e+01   -2.76763e+01
   -3.93152e+01   -9.38568e+01   -4.16199e+01
   -2.76763e+01   -4.16200e+01   -2.34833e+01


	M E G A - F L O P S   A C C O U N T I N G

 NB=Group-cutoff nonbonded kernels    NxN=N-by-N cluster Verlet kernels
 RF=Reaction-Field  VdW=Van der Waals  QSTab=quadratic-spline table
 W3=SPC/TIP3p  W4=TIP4p (single or pairs)
 V&F=Potential and force  V=Potential only  F=Force only

 Computing:                               M-Number         M-Flops  % Flops
-----------------------------------------------------------------------------
 Pair Search distance check               0.000402           0.004     0.3
 NxN RF Elec. + LJ [V&F]                  0.010168           0.549    42.8
 NxN RF Electrostatics [V&F]              0.000248           0.009     0.7
 1,4 nonbonded interactions               0.001271           0.114     8.9
 Shift-X                                  0.000022           0.000     0.0
 Bonds                                    0.000279           0.016     1.3
 Angles                                   0.001116           0.187    14.6
 Propers                                  0.001178           0.270    21.0
 Impropers                                0.000124           0.026     2.0
 Virial                                   0.002077           0.037     2.9
 Stop-CM                                  0.000088           0.001     0.1
 Calc-Ekin                                0.000682           0.018     1.4
 Lincs                                    0.000372           0.022     1.7
 Lincs-Mat                                0.003348           0.013     1.0
 Constraint-V                             0.000744           0.007     0.5
 Constraint-Vir                           0.000372           0.009     0.7
-----------------------------------------------------------------------------
 Total                                                       1.284   100.0
-----------------------------------------------------------------------------


     R E A L   C Y C L E   A N D   T I M E   A C C O U N T I N G

On 1 MPI rank

 Computing:          Num   Num      Call    Wall time         Giga-Cycles
                     Ranks Threads  Count      (s)         total sum    %
-----------------------------------------------------------------------------
 Neighbor search        1    1          1       0.000          0.001   1.2
 Force                  1    1         31       0.003          0.009   9.3
 NB X/F buffer ops.     1    1         61       0.000          0.000   0.3
 COM pull force         1    1         31       0.000          0.001   0.7
 AWH                    1    1         31       0.001          0.003   3.1
 Write traj.            1    1          4       0.021          0.061  62.0
 Update                 1    1         31       0.000          0.001   1.3
 Constraints            1    1         31       0.001          0.004   3.9
 Rest                                           0.006          0.018  18.0
-----------------------------------------------------------------------------
 Total                                          0.034          0.098 100.0
-----------------------------------------------------------------------------

               Core t (s)   Wall t (s)        (%)
       Time:        0.032        0.034       95.0
                 (ns/day)    (hour/ns)
Performance:      159.317        0.151
Finished mdrun on rank 0 Sat Dec  4 17:01:02 2021

